<?xml version="1.0" encoding="UTF-8"?>
<coverage generated="1772498783364" clover="3.2.0">
  <project timestamp="1772498783364" name="All files">
    <metrics statements="659" coveredstatements="603" conditionals="192" coveredconditionals="158" methods="24" coveredmethods="24" elements="875" coveredelements="785" complexity="0" loc="659" ncloc="659" packages="1" files="5" classes="5"/>
    <file name="discovery.ts" path="/Users/cwoolley/.local/state/kilroy/attractor/runs/01KJRF75H261FMFY4YR1A3HCNY/worktree/frontend/src/lib/discovery.ts">
      <metrics statements="315" coveredstatements="261" conditionals="82" coveredconditionals="56" methods="7" coveredmethods="7"/>
      <line num="1" count="1" type="stmt"/>
      <line num="19" count="1" type="stmt"/>
      <line num="20" count="1" type="stmt"/>
      <line num="21" count="1" type="stmt"/>
      <line num="61" count="11" type="cond" truecount="1" falsecount="0"/>
      <line num="62" count="11" type="stmt"/>
      <line num="63" count="11" type="stmt"/>
      <line num="64" count="11" type="stmt"/>
      <line num="65" count="11" type="stmt"/>
      <line num="66" count="11" type="stmt"/>
      <line num="67" count="11" type="stmt"/>
      <line num="70" count="11" type="cond" truecount="1" falsecount="0"/>
      <line num="71" count="2" type="stmt"/>
      <line num="72" count="2" type="stmt"/>
      <line num="73" count="2" type="stmt"/>
      <line num="74" count="2" type="stmt"/>
      <line num="75" count="2" type="cond" truecount="1" falsecount="0"/>
      <line num="76" count="1" type="stmt"/>
      <line num="77" count="1" type="stmt"/>
      <line num="78" count="1" type="stmt"/>
      <line num="79" count="1" type="stmt"/>
      <line num="80" count="1" type="stmt"/>
      <line num="82" count="2" type="cond" truecount="1" falsecount="0"/>
      <line num="85" count="9" type="stmt"/>
      <line num="87" count="11" type="cond" truecount="1" falsecount="0"/>
      <line num="88" count="59" type="stmt"/>
      <line num="89" count="59" type="stmt"/>
      <line num="90" count="59" type="cond" truecount="1" falsecount="0"/>
      <line num="91" count="59" type="stmt"/>
      <line num="92" count="59" type="stmt"/>
      <line num="94" count="59" type="cond" truecount="0" falsecount="1"/>
      <line num="95" count="0" type="stmt"/>
      <line num="96" count="0" type="stmt"/>
      <line num="99" count="59" type="cond" truecount="1" falsecount="0"/>
      <line num="100" count="8" type="stmt"/>
      <line num="101" count="8" type="cond" truecount="1" falsecount="0"/>
      <line num="104" count="51" type="stmt"/>
      <line num="105" count="51" type="cond" truecount="1" falsecount="0"/>
      <line num="108" count="1" type="stmt"/>
      <line num="109" count="1" type="stmt"/>
      <line num="110" count="1" type="stmt"/>
      <line num="111" count="1" type="stmt"/>
      <line num="112" count="1" type="stmt"/>
      <line num="118" count="5" type="cond" truecount="1" falsecount="0"/>
      <line num="119" count="5" type="stmt"/>
      <line num="120" count="5" type="stmt"/>
      <line num="121" count="5" type="stmt"/>
      <line num="122" count="5" type="stmt"/>
      <line num="123" count="5" type="stmt"/>
      <line num="124" count="5" type="stmt"/>
      <line num="125" count="5" type="cond" truecount="1" falsecount="0"/>
      <line num="127" count="5" type="stmt"/>
      <line num="128" count="5" type="stmt"/>
      <line num="130" count="5" type="stmt"/>
      <line num="132" count="5" type="stmt"/>
      <line num="134" count="5" type="stmt"/>
      <line num="135" count="5" type="stmt"/>
      <line num="136" count="5" type="cond" truecount="1" falsecount="0"/>
      <line num="138" count="4" type="stmt"/>
      <line num="139" count="4" type="stmt"/>
      <line num="140" count="4" type="stmt"/>
      <line num="141" count="5" type="cond" truecount="1" falsecount="0"/>
      <line num="142" count="1" type="stmt"/>
      <line num="143" count="1" type="stmt"/>
      <line num="146" count="1" type="stmt"/>
      <line num="147" count="1" type="cond" truecount="1" falsecount="0"/>
      <line num="149" count="1" type="stmt"/>
      <line num="150" count="1" type="stmt"/>
      <line num="151" count="1" type="stmt"/>
      <line num="152" count="1" type="stmt"/>
      <line num="153" count="1" type="stmt"/>
      <line num="154" count="1" type="stmt"/>
      <line num="155" count="1" type="cond" truecount="0" falsecount="1"/>
      <line num="156" count="0" type="stmt"/>
      <line num="157" count="0" type="stmt"/>
      <line num="158" count="0" type="stmt"/>
      <line num="159" count="1" type="cond" truecount="0" falsecount="1"/>
      <line num="160" count="0" type="stmt"/>
      <line num="161" count="0" type="stmt"/>
      <line num="162" count="1" type="stmt"/>
      <line num="163" count="1" type="stmt"/>
      <line num="164" count="5" type="cond" truecount="0" falsecount="1"/>
      <line num="166" count="0" type="stmt"/>
      <line num="167" count="0" type="stmt"/>
      <line num="168" count="0" type="stmt"/>
      <line num="169" count="0" type="stmt"/>
      <line num="170" count="0" type="stmt"/>
      <line num="172" count="0" type="stmt"/>
      <line num="173" count="0" type="stmt"/>
      <line num="175" count="0" type="stmt"/>
      <line num="176" count="0" type="stmt"/>
      <line num="177" count="5" type="cond" truecount="0" falsecount="1"/>
      <line num="179" count="0" type="stmt"/>
      <line num="180" count="0" type="stmt"/>
      <line num="181" count="0" type="stmt"/>
      <line num="182" count="0" type="stmt"/>
      <line num="183" count="0" type="stmt"/>
      <line num="184" count="0" type="stmt"/>
      <line num="185" count="0" type="stmt"/>
      <line num="188" count="5" type="stmt"/>
      <line num="191" count="5" type="cond" truecount="1" falsecount="0"/>
      <line num="192" count="11" type="stmt"/>
      <line num="193" count="11" type="cond" truecount="1" falsecount="0"/>
      <line num="194" count="1" type="stmt"/>
      <line num="195" count="1" type="cond" truecount="1" falsecount="0"/>
      <line num="197" count="10" type="stmt"/>
      <line num="198" count="11" type="cond" truecount="1" falsecount="0"/>
      <line num="200" count="9" type="stmt"/>
      <line num="201" count="9" type="cond" truecount="1" falsecount="0"/>
      <line num="202" count="2" type="cond" truecount="1" falsecount="0"/>
      <line num="203" count="2" type="stmt"/>
      <line num="204" count="9" type="cond" truecount="1" falsecount="0"/>
      <line num="205" count="1" type="stmt"/>
      <line num="206" count="1" type="stmt"/>
      <line num="207" count="1" type="cond" truecount="1" falsecount="0"/>
      <line num="208" count="8" type="cond" truecount="1" falsecount="0"/>
      <line num="209" count="1" type="stmt"/>
      <line num="210" count="8" type="cond" truecount="1" falsecount="0"/>
      <line num="211" count="7" type="stmt"/>
      <line num="212" count="7" type="stmt"/>
      <line num="213" count="7" type="stmt"/>
      <line num="214" count="9" type="cond" truecount="1" falsecount="0"/>
      <line num="217" count="2" type="stmt"/>
      <line num="218" count="2" type="stmt"/>
      <line num="219" count="2" type="stmt"/>
      <line num="220" count="2" type="stmt"/>
      <line num="221" count="2" type="stmt"/>
      <line num="222" count="2" type="stmt"/>
      <line num="223" count="2" type="stmt"/>
      <line num="225" count="11" type="cond" truecount="0" falsecount="1"/>
      <line num="227" count="0" type="stmt"/>
      <line num="228" count="0" type="cond" truecount="1" falsecount="0"/>
      <line num="230" count="2" type="stmt"/>
      <line num="231" count="11" type="cond" truecount="0" falsecount="1"/>
      <line num="232" count="0" type="stmt"/>
      <line num="233" count="0" type="cond" truecount="1" falsecount="0"/>
      <line num="235" count="2" type="stmt"/>
      <line num="236" count="2" type="stmt"/>
      <line num="237" count="2" type="stmt"/>
      <line num="238" count="2" type="stmt"/>
      <line num="239" count="2" type="stmt"/>
      <line num="240" count="2" type="cond" truecount="0" falsecount="1"/>
      <line num="241" count="0" type="stmt"/>
      <line num="242" count="0" type="stmt"/>
      <line num="243" count="0" type="stmt"/>
      <line num="244" count="2" type="cond" truecount="0" falsecount="1"/>
      <line num="245" count="11" type="cond" truecount="0" falsecount="1"/>
      <line num="247" count="0" type="stmt"/>
      <line num="248" count="0" type="stmt"/>
      <line num="250" count="11" type="cond" truecount="0" falsecount="1"/>
      <line num="252" count="0" type="stmt"/>
      <line num="253" count="0" type="stmt"/>
      <line num="254" count="11" type="stmt"/>
      <line num="257" count="5" type="stmt"/>
      <line num="258" count="5" type="cond" truecount="1" falsecount="0"/>
      <line num="259" count="5" type="stmt"/>
      <line num="261" count="5" type="stmt"/>
      <line num="262" count="5" type="cond" truecount="1" falsecount="0"/>
      <line num="263" count="6" type="cond" truecount="1" falsecount="0"/>
      <line num="264" count="1" type="stmt"/>
      <line num="265" count="1" type="cond" truecount="1" falsecount="0"/>
      <line num="266" count="5" type="stmt"/>
      <line num="267" count="6" type="cond" truecount="0" falsecount="1"/>
      <line num="268" count="0" type="stmt"/>
      <line num="269" count="0" type="cond" truecount="1" falsecount="0"/>
      <line num="271" count="5" type="stmt"/>
      <line num="272" count="5" type="stmt"/>
      <line num="273" count="5" type="stmt"/>
      <line num="274" count="5" type="stmt"/>
      <line num="275" count="5" type="stmt"/>
      <line num="276" count="5" type="stmt"/>
      <line num="277" count="5" type="stmt"/>
      <line num="278" count="5" type="stmt"/>
      <line num="280" count="6" type="cond" truecount="0" falsecount="1"/>
      <line num="281" count="0" type="stmt"/>
      <line num="282" count="0" type="cond" truecount="1" falsecount="0"/>
      <line num="284" count="5" type="stmt"/>
      <line num="285" count="6" type="cond" truecount="0" falsecount="1"/>
      <line num="286" count="0" type="stmt"/>
      <line num="287" count="0" type="cond" truecount="1" falsecount="0"/>
      <line num="289" count="5" type="stmt"/>
      <line num="290" count="5" type="stmt"/>
      <line num="291" count="5" type="stmt"/>
      <line num="292" count="5" type="stmt"/>
      <line num="293" count="5" type="stmt"/>
      <line num="294" count="5" type="cond" truecount="0" falsecount="1"/>
      <line num="295" count="0" type="stmt"/>
      <line num="296" count="0" type="stmt"/>
      <line num="297" count="0" type="stmt"/>
      <line num="298" count="5" type="cond" truecount="0" falsecount="1"/>
      <line num="299" count="6" type="cond" truecount="0" falsecount="1"/>
      <line num="300" count="0" type="stmt"/>
      <line num="301" count="0" type="stmt"/>
      <line num="302" count="6" type="cond" truecount="0" falsecount="1"/>
      <line num="304" count="0" type="stmt"/>
      <line num="305" count="0" type="stmt"/>
      <line num="306" count="6" type="stmt"/>
      <line num="308" count="5" type="stmt"/>
      <line num="309" count="5" type="stmt"/>
      <line num="314" count="1" type="cond" truecount="1" falsecount="0"/>
      <line num="315" count="22" type="stmt"/>
      <line num="316" count="22" type="stmt"/>
      <line num="317" count="22" type="stmt"/>
      <line num="318" count="22" type="stmt"/>
      <line num="319" count="22" type="stmt"/>
      <line num="325" count="1" type="cond" truecount="1" falsecount="0"/>
      <line num="326" count="2" type="stmt"/>
      <line num="327" count="2" type="stmt"/>
      <line num="328" count="2" type="stmt"/>
      <line num="332" count="2" type="stmt"/>
      <line num="333" count="2" type="stmt"/>
      <line num="336" count="2" type="stmt"/>
      <line num="338" count="2" type="stmt"/>
      <line num="339" count="2" type="stmt"/>
      <line num="343" count="2" type="stmt"/>
      <line num="345" count="2" type="stmt"/>
      <line num="346" count="2" type="stmt"/>
      <line num="347" count="2" type="stmt"/>
      <line num="348" count="2" type="stmt"/>
      <line num="349" count="2" type="stmt"/>
      <line num="350" count="2" type="stmt"/>
      <line num="351" count="2" type="stmt"/>
      <line num="352" count="2" type="stmt"/>
      <line num="353" count="2" type="stmt"/>
      <line num="354" count="2" type="stmt"/>
      <line num="356" count="2" type="cond" truecount="1" falsecount="0"/>
      <line num="357" count="1" type="stmt"/>
      <line num="358" count="1" type="stmt"/>
      <line num="359" count="1" type="stmt"/>
      <line num="362" count="1" type="stmt"/>
      <line num="365" count="1" type="stmt"/>
      <line num="366" count="2" type="stmt"/>
      <line num="367" count="2" type="stmt"/>
      <line num="368" count="2" type="stmt"/>
      <line num="369" count="2" type="stmt"/>
      <line num="370" count="2" type="cond" truecount="1" falsecount="0"/>
      <line num="372" count="1" type="stmt"/>
      <line num="373" count="2" type="stmt"/>
      <line num="374" count="2" type="cond" truecount="1" falsecount="0"/>
      <line num="375" count="2" type="stmt"/>
      <line num="376" count="2" type="stmt"/>
      <line num="377" count="2" type="cond" truecount="1" falsecount="0"/>
      <line num="379" count="1" type="stmt"/>
      <line num="380" count="2" type="cond" truecount="0" falsecount="2"/>
      <line num="382" count="0" type="stmt"/>
      <line num="383" count="2" type="cond" truecount="1" falsecount="0"/>
      <line num="384" count="1" type="stmt"/>
      <line num="385" count="1" type="stmt"/>
      <line num="387" count="1" type="stmt"/>
      <line num="388" count="1" type="stmt"/>
      <line num="389" count="2" type="cond" truecount="0" falsecount="2"/>
      <line num="390" count="2" type="stmt"/>
      <line num="391" count="2" type="stmt"/>
      <line num="393" count="2" type="stmt"/>
      <line num="394" count="2" type="stmt"/>
      <line num="396" count="2" type="cond" truecount="1" falsecount="0"/>
      <line num="397" count="2" type="stmt"/>
      <line num="398" count="2" type="cond" truecount="0" falsecount="1"/>
      <line num="399" count="0" type="stmt"/>
      <line num="400" count="0" type="stmt"/>
      <line num="401" count="2" type="stmt"/>
      <line num="402" count="2" type="stmt"/>
      <line num="407" count="1" type="cond" truecount="1" falsecount="0"/>
      <line num="408" count="2" type="stmt"/>
      <line num="409" count="2" type="stmt"/>
      <line num="410" count="2" type="stmt"/>
      <line num="411" count="2" type="stmt"/>
      <line num="412" count="2" type="stmt"/>
      <line num="413" count="2" type="cond" truecount="0" falsecount="1"/>
      <line num="414" count="2" type="cond" truecount="1" falsecount="0"/>
      <line num="415" count="2" type="cond" truecount="1" falsecount="0"/>
      <line num="416" count="1" type="stmt"/>
      <line num="417" count="1" type="stmt"/>
      <line num="418" count="2" type="cond" truecount="1" falsecount="0"/>
      <line num="419" count="1" type="stmt"/>
      <line num="420" count="1" type="stmt"/>
      <line num="426" count="4" type="cond" truecount="1" falsecount="0"/>
      <line num="427" count="4" type="stmt"/>
      <line num="428" count="4" type="stmt"/>
      <line num="429" count="4" type="stmt"/>
      <line num="430" count="4" type="stmt"/>
      <line num="431" count="4" type="stmt"/>
      <line num="432" count="4" type="stmt"/>
      <line num="433" count="4" type="stmt"/>
      <line num="434" count="4" type="stmt"/>
      <line num="435" count="4" type="stmt"/>
      <line num="438" count="4" type="stmt"/>
      <line num="439" count="4" type="stmt"/>
      <line num="440" count="4" type="stmt"/>
      <line num="441" count="4" type="cond" truecount="1" falsecount="0"/>
      <line num="442" count="1" type="stmt"/>
      <line num="443" count="1" type="cond" truecount="1" falsecount="0"/>
      <line num="444" count="4" type="cond" truecount="0" falsecount="1"/>
      <line num="445" count="0" type="stmt"/>
      <line num="446" count="0" type="cond" truecount="1" falsecount="0"/>
      <line num="448" count="3" type="stmt"/>
      <line num="449" count="3" type="stmt"/>
      <line num="451" count="4" type="cond" truecount="2" falsecount="0"/>
      <line num="452" count="12" type="stmt"/>
      <line num="453" count="12" type="stmt"/>
      <line num="454" count="12" type="stmt"/>
      <line num="455" count="12" type="stmt"/>
      <line num="456" count="12" type="stmt"/>
      <line num="458" count="12" type="cond" truecount="1" falsecount="0"/>
      <line num="459" count="1" type="stmt"/>
      <line num="460" count="1" type="cond" truecount="1" falsecount="0"/>
      <line num="463" count="11" type="stmt"/>
      <line num="465" count="11" type="stmt"/>
      <line num="466" count="12" type="cond" truecount="0" falsecount="1"/>
      <line num="467" count="0" type="stmt"/>
      <line num="468" count="0" type="cond" truecount="1" falsecount="0"/>
      <line num="470" count="11" type="stmt"/>
      <line num="471" count="11" type="cond" truecount="1" falsecount="0"/>
      <line num="473" count="3" type="stmt"/>
      <line num="474" count="3" type="stmt"/>
    </file>
    <file name="dot-parser.ts" path="/Users/cwoolley/.local/state/kilroy/attractor/runs/01KJRF75H261FMFY4YR1A3HCNY/worktree/frontend/src/lib/dot-parser.ts">
      <metrics statements="47" coveredstatements="45" conditionals="19" coveredconditionals="18" methods="3" coveredmethods="3"/>
      <line num="11" count="1" type="cond" truecount="1" falsecount="0"/>
      <line num="13" count="8" type="stmt"/>
      <line num="14" count="8" type="stmt"/>
      <line num="15" count="8" type="stmt"/>
      <line num="16" count="8" type="cond" truecount="1" falsecount="0"/>
      <line num="17" count="2" type="stmt"/>
      <line num="18" count="2" type="cond" truecount="1" falsecount="0"/>
      <line num="19" count="6" type="stmt"/>
      <line num="20" count="8" type="cond" truecount="0" falsecount="1"/>
      <line num="21" count="0" type="stmt"/>
      <line num="22" count="0" type="cond" truecount="1" falsecount="0"/>
      <line num="23" count="6" type="stmt"/>
      <line num="24" count="6" type="stmt"/>
      <line num="31" count="1" type="cond" truecount="1" falsecount="0"/>
      <line num="32" count="12" type="stmt"/>
      <line num="33" count="12" type="cond" truecount="3" falsecount="0"/>
      <line num="34" count="6" type="stmt"/>
      <line num="35" count="6" type="stmt"/>
      <line num="36" count="6" type="stmt"/>
      <line num="37" count="6" type="stmt"/>
      <line num="38" count="6" type="stmt"/>
      <line num="40" count="6" type="cond" truecount="1" falsecount="0"/>
      <line num="41" count="6" type="stmt"/>
      <line num="42" count="6" type="stmt"/>
      <line num="43" count="6" type="cond" truecount="1" falsecount="0"/>
      <line num="44" count="50" type="cond" truecount="2" falsecount="0"/>
      <line num="45" count="5" type="stmt"/>
      <line num="46" count="5" type="cond" truecount="1" falsecount="0"/>
      <line num="47" count="2" type="stmt"/>
      <line num="48" count="2" type="stmt"/>
      <line num="49" count="5" type="cond" truecount="2" falsecount="0"/>
      <line num="50" count="1" type="stmt"/>
      <line num="51" count="1" type="stmt"/>
      <line num="52" count="3" type="cond" truecount="2" falsecount="0"/>
      <line num="53" count="1" type="stmt"/>
      <line num="54" count="1" type="stmt"/>
      <line num="55" count="1" type="stmt"/>
      <line num="56" count="1" type="stmt"/>
      <line num="57" count="1" type="stmt"/>
      <line num="58" count="1" type="stmt"/>
      <line num="59" count="50" type="cond" truecount="1" falsecount="0"/>
      <line num="60" count="45" type="stmt"/>
      <line num="61" count="45" type="stmt"/>
      <line num="62" count="45" type="stmt"/>
      <line num="63" count="50" type="stmt"/>
      <line num="64" count="6" type="stmt"/>
      <line num="65" count="6" type="stmt"/>
    </file>
    <file name="msgpack.ts" path="/Users/cwoolley/.local/state/kilroy/attractor/runs/01KJRF75H261FMFY4YR1A3HCNY/worktree/frontend/src/lib/msgpack.ts">
      <metrics statements="40" coveredstatements="40" conditionals="13" coveredconditionals="9" methods="2" coveredmethods="2"/>
      <line num="18" count="1" type="stmt"/>
      <line num="25" count="5" type="cond" truecount="1" falsecount="0"/>
      <line num="26" count="5" type="stmt"/>
      <line num="27" count="5" type="stmt"/>
      <line num="28" count="5" type="stmt"/>
      <line num="30" count="5" type="cond" truecount="1" falsecount="0"/>
      <line num="31" count="1" type="stmt"/>
      <line num="32" count="1" type="stmt"/>
      <line num="33" count="1" type="stmt"/>
      <line num="34" count="1" type="stmt"/>
      <line num="35" count="1" type="cond" truecount="1" falsecount="0"/>
      <line num="37" count="4" type="stmt"/>
      <line num="38" count="5" type="cond" truecount="1" falsecount="0"/>
      <line num="39" count="1" type="stmt"/>
      <line num="40" count="1" type="cond" truecount="1" falsecount="0"/>
      <line num="42" count="3" type="stmt"/>
      <line num="44" count="3" type="stmt"/>
      <line num="46" count="3" type="stmt"/>
      <line num="49" count="3" type="stmt"/>
      <line num="56" count="5" type="cond" truecount="0" falsecount="1"/>
      <line num="57" count="5" type="cond" truecount="0" falsecount="1"/>
      <line num="59" count="5" type="stmt"/>
      <line num="60" count="5" type="stmt"/>
      <line num="61" count="5" type="stmt"/>
      <line num="62" count="5" type="cond" truecount="0" falsecount="1"/>
      <line num="63" count="5" type="cond" truecount="0" falsecount="1"/>
      <line num="64" count="5" type="stmt"/>
      <line num="65" count="5" type="stmt"/>
      <line num="66" count="5" type="cond" truecount="1" falsecount="0"/>
      <line num="68" count="1" type="stmt"/>
      <line num="69" count="1" type="stmt"/>
      <line num="70" count="5" type="stmt"/>
      <line num="75" count="3" type="cond" truecount="1" falsecount="0"/>
      <line num="76" count="3" type="stmt"/>
      <line num="77" count="3" type="stmt"/>
      <line num="78" count="3" type="cond" truecount="1" falsecount="0"/>
      <line num="79" count="74" type="stmt"/>
      <line num="80" count="74" type="cond" truecount="1" falsecount="0"/>
      <line num="81" count="2" type="stmt"/>
      <line num="82" count="2" type="stmt"/>
    </file>
    <file name="status.ts" path="/Users/cwoolley/.local/state/kilroy/attractor/runs/01KJRF75H261FMFY4YR1A3HCNY/worktree/frontend/src/lib/status.ts">
      <metrics statements="231" coveredstatements="231" conditionals="69" coveredconditionals="66" methods="7" coveredmethods="7"/>
      <line num="1" count="1" type="stmt"/>
      <line num="10" count="1" type="stmt"/>
      <line num="11" count="1" type="stmt"/>
      <line num="12" count="1" type="stmt"/>
      <line num="13" count="1" type="stmt"/>
      <line num="14" count="1" type="stmt"/>
      <line num="17" count="1" type="stmt"/>
      <line num="18" count="1" type="stmt"/>
      <line num="19" count="1" type="stmt"/>
      <line num="20" count="1" type="stmt"/>
      <line num="21" count="1" type="stmt"/>
      <line num="22" count="1" type="stmt"/>
      <line num="23" count="1" type="stmt"/>
      <line num="26" count="1" type="stmt"/>
      <line num="27" count="1" type="stmt"/>
      <line num="28" count="1" type="stmt"/>
      <line num="29" count="1" type="stmt"/>
      <line num="30" count="1" type="stmt"/>
      <line num="31" count="1" type="stmt"/>
      <line num="32" count="1" type="stmt"/>
      <line num="37" count="1" type="cond" truecount="1" falsecount="0"/>
      <line num="38" count="95" type="stmt"/>
      <line num="39" count="95" type="stmt"/>
      <line num="40" count="95" type="stmt"/>
      <line num="41" count="95" type="stmt"/>
      <line num="42" count="95" type="stmt"/>
      <line num="43" count="95" type="stmt"/>
      <line num="44" count="95" type="stmt"/>
      <line num="45" count="95" type="stmt"/>
      <line num="46" count="95" type="stmt"/>
      <line num="52" count="1" type="cond" truecount="1" falsecount="0"/>
      <line num="53" count="15" type="stmt"/>
      <line num="54" count="15" type="stmt"/>
      <line num="55" count="15" type="stmt"/>
      <line num="56" count="15" type="stmt"/>
      <line num="57" count="15" type="stmt"/>
      <line num="59" count="15" type="cond" truecount="1" falsecount="0"/>
      <line num="60" count="44" type="cond" truecount="1" falsecount="0"/>
      <line num="61" count="1" type="stmt"/>
      <line num="62" count="1" type="stmt"/>
      <line num="63" count="44" type="stmt"/>
      <line num="66" count="15" type="cond" truecount="1" falsecount="0"/>
      <line num="67" count="45" type="cond" truecount="1" falsecount="0"/>
      <line num="68" count="2" type="stmt"/>
      <line num="69" count="2" type="stmt"/>
      <line num="70" count="45" type="stmt"/>
      <line num="73" count="15" type="stmt"/>
      <line num="74" count="15" type="cond" truecount="1" falsecount="0"/>
      <line num="75" count="17" type="stmt"/>
      <line num="76" count="17" type="cond" truecount="1" falsecount="0"/>
      <line num="77" count="5" type="stmt"/>
      <line num="78" count="17" type="cond" truecount="1" falsecount="0"/>
      <line num="79" count="15" type="stmt"/>
      <line num="80" count="15" type="stmt"/>
      <line num="81" count="17" type="stmt"/>
      <line num="84" count="15" type="cond" truecount="1" falsecount="0"/>
      <line num="86" count="17" type="stmt"/>
      <line num="87" count="17" type="cond" truecount="1" falsecount="0"/>
      <line num="88" count="2" type="stmt"/>
      <line num="89" count="17" type="cond" truecount="1" falsecount="0"/>
      <line num="90" count="1" type="stmt"/>
      <line num="91" count="1" type="cond" truecount="1" falsecount="0"/>
      <line num="93" count="16" type="stmt"/>
      <line num="94" count="16" type="stmt"/>
      <line num="96" count="17" type="cond" truecount="1" falsecount="0"/>
      <line num="97" count="1" type="stmt"/>
      <line num="98" count="1" type="cond" truecount="1" falsecount="0"/>
      <line num="100" count="15" type="stmt"/>
      <line num="101" count="15" type="stmt"/>
      <line num="102" count="15" type="stmt"/>
      <line num="104" count="17" type="cond" truecount="1" falsecount="0"/>
      <line num="105" count="3" type="stmt"/>
      <line num="106" count="3" type="stmt"/>
      <line num="107" count="3" type="cond" truecount="2" falsecount="0"/>
      <line num="108" count="17" type="cond" truecount="2" falsecount="0"/>
      <line num="109" count="2" type="cond" truecount="1" falsecount="0"/>
      <line num="110" count="1" type="stmt"/>
      <line num="112" count="1" type="stmt"/>
      <line num="113" count="1" type="stmt"/>
      <line num="114" count="1" type="stmt"/>
      <line num="115" count="1" type="stmt"/>
      <line num="116" count="1" type="stmt"/>
      <line num="117" count="12" type="cond" truecount="2" falsecount="0"/>
      <line num="118" count="1" type="stmt"/>
      <line num="119" count="1" type="stmt"/>
      <line num="120" count="1" type="stmt"/>
      <line num="121" count="10" type="cond" truecount="2" falsecount="0"/>
      <line num="122" count="7" type="stmt"/>
      <line num="123" count="9" type="cond" truecount="1" falsecount="0"/>
      <line num="124" count="2" type="stmt"/>
      <line num="125" count="2" type="cond" truecount="1" falsecount="0"/>
      <line num="128" count="17" type="cond" truecount="1" falsecount="0"/>
      <line num="130" count="5" type="stmt"/>
      <line num="131" count="5" type="cond" truecount="1" falsecount="0"/>
      <line num="132" count="10" type="cond" truecount="1" falsecount="0"/>
      <line num="133" count="9" type="cond" truecount="1" falsecount="0"/>
      <line num="134" count="9" type="stmt"/>
      <line num="135" count="9" type="stmt"/>
      <line num="136" count="9" type="stmt"/>
      <line num="137" count="10" type="cond" truecount="1" falsecount="0"/>
      <line num="138" count="7" type="stmt"/>
      <line num="139" count="7" type="cond" truecount="1" falsecount="0"/>
      <line num="141" count="17" type="cond" truecount="1" falsecount="0"/>
      <line num="142" count="1" type="stmt"/>
      <line num="143" count="1" type="cond" truecount="1" falsecount="0"/>
      <line num="145" count="15" type="stmt"/>
      <line num="147" count="17" type="cond" truecount="1" falsecount="0"/>
      <line num="148" count="1" type="stmt"/>
      <line num="149" count="1" type="cond" truecount="1" falsecount="0"/>
      <line num="152" count="15" type="stmt"/>
      <line num="153" count="15" type="cond" truecount="1" falsecount="0"/>
      <line num="154" count="4" type="stmt"/>
      <line num="155" count="17" type="cond" truecount="1" falsecount="0"/>
      <line num="156" count="14" type="stmt"/>
      <line num="157" count="14" type="stmt"/>
      <line num="158" count="17" type="stmt"/>
      <line num="160" count="15" type="stmt"/>
      <line num="161" count="15" type="stmt"/>
      <line num="167" count="1" type="cond" truecount="1" falsecount="0"/>
      <line num="168" count="5" type="stmt"/>
      <line num="169" count="5" type="stmt"/>
      <line num="170" count="5" type="stmt"/>
      <line num="171" count="5" type="stmt"/>
      <line num="173" count="5" type="cond" truecount="1" falsecount="0"/>
      <line num="174" count="15" type="stmt"/>
      <line num="175" count="15" type="stmt"/>
      <line num="176" count="15" type="stmt"/>
      <line num="177" count="15" type="stmt"/>
      <line num="178" count="15" type="stmt"/>
      <line num="179" count="15" type="stmt"/>
      <line num="180" count="15" type="stmt"/>
      <line num="181" count="15" type="stmt"/>
      <line num="183" count="15" type="stmt"/>
      <line num="184" count="15" type="stmt"/>
      <line num="186" count="15" type="cond" truecount="1" falsecount="0"/>
      <line num="187" count="24" type="stmt"/>
      <line num="188" count="24" type="cond" truecount="0" falsecount="1"/>
      <line num="190" count="24" type="stmt"/>
      <line num="191" count="24" type="stmt"/>
      <line num="192" count="24" type="stmt"/>
      <line num="193" count="24" type="cond" truecount="1" falsecount="0"/>
      <line num="194" count="6" type="stmt"/>
      <line num="195" count="6" type="stmt"/>
      <line num="196" count="6" type="stmt"/>
      <line num="197" count="6" type="stmt"/>
      <line num="199" count="24" type="stmt"/>
      <line num="200" count="24" type="stmt"/>
      <line num="202" count="24" type="cond" truecount="1" falsecount="0"/>
      <line num="203" count="8" type="stmt"/>
      <line num="204" count="8" type="cond" truecount="1" falsecount="0"/>
      <line num="205" count="7" type="stmt"/>
      <line num="206" count="7" type="stmt"/>
      <line num="207" count="8" type="stmt"/>
      <line num="208" count="24" type="stmt"/>
      <line num="211" count="15" type="stmt"/>
      <line num="212" count="15" type="cond" truecount="1" falsecount="0"/>
      <line num="214" count="15" type="stmt"/>
      <line num="215" count="15" type="stmt"/>
      <line num="217" count="5" type="stmt"/>
      <line num="218" count="5" type="stmt"/>
      <line num="225" count="1" type="cond" truecount="1" falsecount="0"/>
      <line num="226" count="5" type="stmt"/>
      <line num="227" count="5" type="stmt"/>
      <line num="228" count="5" type="stmt"/>
      <line num="229" count="5" type="stmt"/>
      <line num="230" count="5" type="cond" truecount="1" falsecount="0"/>
      <line num="231" count="15" type="stmt"/>
      <line num="232" count="15" type="cond" truecount="0" falsecount="1"/>
      <line num="234" count="15" type="stmt"/>
      <line num="235" count="15" type="cond" truecount="1" falsecount="0"/>
      <line num="236" count="4" type="stmt"/>
      <line num="237" count="15" type="cond" truecount="1" falsecount="0"/>
      <line num="238" count="3" type="stmt"/>
      <line num="239" count="3" type="stmt"/>
      <line num="240" count="3" type="stmt"/>
      <line num="241" count="3" type="stmt"/>
      <line num="242" count="3" type="stmt"/>
      <line num="243" count="3" type="stmt"/>
      <line num="244" count="3" type="stmt"/>
      <line num="245" count="3" type="cond" truecount="1" falsecount="0"/>
      <line num="246" count="1" type="cond" truecount="1" falsecount="0"/>
      <line num="247" count="3" type="cond" truecount="1" falsecount="0"/>
      <line num="248" count="1" type="stmt"/>
      <line num="249" count="1" type="stmt"/>
      <line num="250" count="1" type="stmt"/>
      <line num="251" count="3" type="stmt"/>
      <line num="252" count="3" type="stmt"/>
      <line num="253" count="15" type="stmt"/>
      <line num="255" count="5" type="stmt"/>
      <line num="256" count="5" type="stmt"/>
      <line num="262" count="3" type="cond" truecount="1" falsecount="0"/>
      <line num="263" count="3" type="stmt"/>
      <line num="264" count="3" type="stmt"/>
      <line num="265" count="3" type="stmt"/>
      <line num="266" count="3" type="stmt"/>
      <line num="267" count="3" type="stmt"/>
      <line num="268" count="3" type="cond" truecount="1" falsecount="0"/>
      <line num="269" count="8" type="cond" truecount="1" falsecount="0"/>
      <line num="270" count="3" type="stmt"/>
      <line num="273" count="3" type="stmt"/>
      <line num="274" count="3" type="cond" truecount="1" falsecount="0"/>
      <line num="275" count="3" type="stmt"/>
      <line num="277" count="3" type="stmt"/>
      <line num="278" count="3" type="stmt"/>
      <line num="285" count="1" type="cond" truecount="1" falsecount="0"/>
      <line num="286" count="4" type="stmt"/>
      <line num="287" count="4" type="stmt"/>
      <line num="288" count="4" type="stmt"/>
      <line num="289" count="4" type="stmt"/>
      <line num="290" count="4" type="cond" truecount="1" falsecount="0"/>
      <line num="291" count="1" type="stmt"/>
      <line num="292" count="1" type="cond" truecount="1" falsecount="0"/>
      <line num="294" count="4" type="cond" truecount="1" falsecount="0"/>
      <line num="295" count="9" type="stmt"/>
      <line num="296" count="9" type="cond" truecount="0" falsecount="1"/>
      <line num="298" count="9" type="stmt"/>
      <line num="299" count="9" type="cond" truecount="1" falsecount="0"/>
      <line num="300" count="2" type="stmt"/>
      <line num="301" count="9" type="cond" truecount="1" falsecount="0"/>
      <line num="302" count="1" type="stmt"/>
      <line num="303" count="1" type="stmt"/>
      <line num="304" count="9" type="cond" truecount="1" falsecount="0"/>
      <line num="306" count="3" type="stmt"/>
      <line num="307" count="3" type="stmt"/>
      <line num="312" count="1" type="cond" truecount="1" falsecount="0"/>
      <line num="313" count="30" type="stmt"/>
      <line num="314" count="30" type="cond" truecount="1" falsecount="0"/>
      <line num="315" count="90" type="stmt"/>
      <line num="316" count="90" type="stmt"/>
      <line num="317" count="30" type="stmt"/>
      <line num="318" count="30" type="stmt"/>
    </file>
    <file name="utils.ts" path="/Users/cwoolley/.local/state/kilroy/attractor/runs/01KJRF75H261FMFY4YR1A3HCNY/worktree/frontend/src/lib/utils.ts">
      <metrics statements="26" coveredstatements="26" conditionals="9" coveredconditionals="9" methods="5" coveredmethods="5"/>
      <line num="8" count="1" type="cond" truecount="1" falsecount="0"/>
      <line num="9" count="3" type="stmt"/>
      <line num="10" count="3" type="stmt"/>
      <line num="17" count="1" type="cond" truecount="1" falsecount="0"/>
      <line num="18" count="7" type="cond" truecount="1" falsecount="0"/>
      <line num="19" count="5" type="stmt"/>
      <line num="20" count="5" type="cond" truecount="1" falsecount="0"/>
      <line num="21" count="3" type="cond" truecount="1" falsecount="0"/>
      <line num="22" count="2" type="stmt"/>
      <line num="23" count="5" type="stmt"/>
      <line num="24" count="5" type="cond" truecount="1" falsecount="0"/>
      <line num="25" count="2" type="stmt"/>
      <line num="26" count="2" type="stmt"/>
      <line num="33" count="1" type="cond" truecount="1" falsecount="0"/>
      <line num="34" count="4" type="stmt"/>
      <line num="35" count="4" type="stmt"/>
      <line num="40" count="1" type="cond" truecount="1" falsecount="0"/>
      <line num="41" count="62" type="stmt"/>
      <line num="42" count="62" type="stmt"/>
      <line num="47" count="1" type="cond" truecount="1" falsecount="0"/>
      <line num="48" count="4" type="stmt"/>
      <line num="49" count="4" type="stmt"/>
      <line num="50" count="4" type="stmt"/>
      <line num="51" count="4" type="stmt"/>
      <line num="52" count="4" type="stmt"/>
      <line num="53" count="4" type="stmt"/>
    </file>
  </project>
</coverage>
