{"/Users/cwoolley/.local/state/kilroy/attractor/runs/01KJRF75H261FMFY4YR1A3HCNY/worktree/frontend/src/lib/discovery.ts": {"path":"/Users/cwoolley/.local/state/kilroy/attractor/runs/01KJRF75H261FMFY4YR1A3HCNY/worktree/frontend/src/lib/discovery.ts","all":false,"statementMap":{"0":{"start":{"line":1,"column":0},"end":{"line":1,"column":3}},"18":{"start":{"line":19,"column":0},"end":{"line":19,"column":37}},"19":{"start":{"line":20,"column":0},"end":{"line":20,"column":28}},"20":{"start":{"line":21,"column":0},"end":{"line":21,"column":29}},"60":{"start":{"line":61,"column":0},"end":{"line":61,"column":37}},"61":{"start":{"line":62,"column":0},"end":{"line":62,"column":42}},"62":{"start":{"line":63,"column":0},"end":{"line":63,"column":20}},"63":{"start":{"line":64,"column":0},"end":{"line":64,"column":20}},"64":{"start":{"line":65,"column":0},"end":{"line":65,"column":19}},"65":{"start":{"line":66,"column":0},"end":{"line":66,"column":29}},"66":{"start":{"line":67,"column":0},"end":{"line":67,"column":30}},"69":{"start":{"line":70,"column":0},"end":{"line":70,"column":24}},"70":{"start":{"line":71,"column":0},"end":{"line":71,"column":57}},"71":{"start":{"line":72,"column":0},"end":{"line":72,"column":15}},"72":{"start":{"line":73,"column":0},"end":{"line":73,"column":18}},"73":{"start":{"line":74,"column":0},"end":{"line":74,"column":7}},"74":{"start":{"line":75,"column":0},"end":{"line":75,"column":34}},"75":{"start":{"line":76,"column":0},"end":{"line":76,"column":18}},"76":{"start":{"line":77,"column":0},"end":{"line":77,"column":5}},"77":{"start":{"line":78,"column":0},"end":{"line":78,"column":36}},"78":{"start":{"line":79,"column":0},"end":{"line":79,"column":27}},"79":{"start":{"line":80,"column":0},"end":{"line":80,"column":5}},"81":{"start":{"line":82,"column":0},"end":{"line":82,"column":3}},"84":{"start":{"line":85,"column":0},"end":{"line":85,"column":35}},"86":{"start":{"line":87,"column":0},"end":{"line":87,"column":49}},"87":{"start":{"line":88,"column":0},"end":{"line":88,"column":57}},"88":{"start":{"line":89,"column":0},"end":{"line":89,"column":23}},"89":{"start":{"line":90,"column":0},"end":{"line":90,"column":40}},"90":{"start":{"line":91,"column":0},"end":{"line":91,"column":18}},"91":{"start":{"line":92,"column":0},"end":{"line":92,"column":7}},"93":{"start":{"line":94,"column":0},"end":{"line":94,"column":34}},"94":{"start":{"line":95,"column":0},"end":{"line":95,"column":18}},"95":{"start":{"line":96,"column":0},"end":{"line":96,"column":5}},"98":{"start":{"line":99,"column":0},"end":{"line":99,"column":36}},"99":{"start":{"line":100,"column":0},"end":{"line":100,"column":27}},"100":{"start":{"line":101,"column":0},"end":{"line":101,"column":5}},"103":{"start":{"line":104,"column":0},"end":{"line":104,"column":35}},"104":{"start":{"line":105,"column":0},"end":{"line":105,"column":3}},"107":{"start":{"line":108,"column":0},"end":{"line":108,"column":15}},"108":{"start":{"line":109,"column":0},"end":{"line":109,"column":96}},"109":{"start":{"line":110,"column":0},"end":{"line":110,"column":4}},"110":{"start":{"line":111,"column":0},"end":{"line":111,"column":14}},"111":{"start":{"line":112,"column":0},"end":{"line":112,"column":1}},"117":{"start":{"line":118,"column":0},"end":{"line":118,"column":42}},"118":{"start":{"line":119,"column":0},"end":{"line":119,"column":22}},"119":{"start":{"line":120,"column":0},"end":{"line":120,"column":20}},"120":{"start":{"line":121,"column":0},"end":{"line":121,"column":50}},"121":{"start":{"line":122,"column":0},"end":{"line":122,"column":48}},"122":{"start":{"line":123,"column":0},"end":{"line":123,"column":27}},"123":{"start":{"line":124,"column":0},"end":{"line":124,"column":61}},"124":{"start":{"line":125,"column":0},"end":{"line":125,"column":66}},"126":{"start":{"line":127,"column":0},"end":{"line":127,"column":35}},"127":{"start":{"line":128,"column":0},"end":{"line":128,"column":58}},"129":{"start":{"line":130,"column":0},"end":{"line":130,"column":50}},"131":{"start":{"line":132,"column":0},"end":{"line":132,"column":30}},"133":{"start":{"line":134,"column":0},"end":{"line":134,"column":9}},"134":{"start":{"line":135,"column":0},"end":{"line":135,"column":77}},"135":{"start":{"line":136,"column":0},"end":{"line":136,"column":32}},"137":{"start":{"line":138,"column":0},"end":{"line":138,"column":43}},"138":{"start":{"line":139,"column":0},"end":{"line":139,"column":63}},"139":{"start":{"line":140,"column":0},"end":{"line":140,"column":37}},"140":{"start":{"line":141,"column":0},"end":{"line":141,"column":14}},"141":{"start":{"line":142,"column":0},"end":{"line":142,"column":42}},"142":{"start":{"line":143,"column":0},"end":{"line":143,"column":39}},"145":{"start":{"line":146,"column":0},"end":{"line":146,"column":67}},"146":{"start":{"line":147,"column":0},"end":{"line":147,"column":73}},"148":{"start":{"line":149,"column":0},"end":{"line":149,"column":50}},"149":{"start":{"line":150,"column":0},"end":{"line":150,"column":14}},"150":{"start":{"line":151,"column":0},"end":{"line":151,"column":38}},"151":{"start":{"line":152,"column":0},"end":{"line":152,"column":43}},"152":{"start":{"line":153,"column":0},"end":{"line":153,"column":48}},"153":{"start":{"line":154,"column":0},"end":{"line":154,"column":13}},"154":{"start":{"line":155,"column":0},"end":{"line":155,"column":53}},"155":{"start":{"line":156,"column":0},"end":{"line":156,"column":33}},"156":{"start":{"line":157,"column":0},"end":{"line":157,"column":48}},"157":{"start":{"line":158,"column":0},"end":{"line":158,"column":13}},"158":{"start":{"line":159,"column":0},"end":{"line":159,"column":79}},"159":{"start":{"line":160,"column":0},"end":{"line":160,"column":52}},"160":{"start":{"line":161,"column":0},"end":{"line":161,"column":11}},"161":{"start":{"line":162,"column":0},"end":{"line":162,"column":9}},"162":{"start":{"line":163,"column":0},"end":{"line":163,"column":7}},"163":{"start":{"line":164,"column":0},"end":{"line":164,"column":17}},"165":{"start":{"line":166,"column":0},"end":{"line":166,"column":66}},"166":{"start":{"line":167,"column":0},"end":{"line":167,"column":37}},"167":{"start":{"line":168,"column":0},"end":{"line":168,"column":21}},"168":{"start":{"line":169,"column":0},"end":{"line":169,"column":77}},"169":{"start":{"line":170,"column":0},"end":{"line":170,"column":10}},"171":{"start":{"line":172,"column":0},"end":{"line":172,"column":18}},"172":{"start":{"line":173,"column":0},"end":{"line":173,"column":7}},"174":{"start":{"line":175,"column":0},"end":{"line":175,"column":16}},"175":{"start":{"line":176,"column":0},"end":{"line":176,"column":5}},"176":{"start":{"line":177,"column":0},"end":{"line":177,"column":10}},"178":{"start":{"line":179,"column":0},"end":{"line":179,"column":9}},"179":{"start":{"line":180,"column":0},"end":{"line":180,"column":61}},"180":{"start":{"line":181,"column":0},"end":{"line":181,"column":35}},"181":{"start":{"line":182,"column":0},"end":{"line":182,"column":13}},"182":{"start":{"line":183,"column":0},"end":{"line":183,"column":16}},"183":{"start":{"line":184,"column":0},"end":{"line":184,"column":5}},"184":{"start":{"line":185,"column":0},"end":{"line":185,"column":3}},"187":{"start":{"line":188,"column":0},"end":{"line":188,"column":78}},"190":{"start":{"line":191,"column":0},"end":{"line":191,"column":35}},"191":{"start":{"line":192,"column":0},"end":{"line":192,"column":62}},"192":{"start":{"line":193,"column":0},"end":{"line":193,"column":33}},"193":{"start":{"line":194,"column":0},"end":{"line":194,"column":37}},"194":{"start":{"line":195,"column":0},"end":{"line":195,"column":5}},"196":{"start":{"line":197,"column":0},"end":{"line":197,"column":47}},"197":{"start":{"line":198,"column":0},"end":{"line":198,"column":27}},"199":{"start":{"line":200,"column":0},"end":{"line":200,"column":10}},"200":{"start":{"line":201,"column":0},"end":{"line":201,"column":38}},"201":{"start":{"line":202,"column":0},"end":{"line":202,"column":43}},"202":{"start":{"line":203,"column":0},"end":{"line":203,"column":49}},"203":{"start":{"line":204,"column":0},"end":{"line":204,"column":9}},"204":{"start":{"line":205,"column":0},"end":{"line":205,"column":61}},"205":{"start":{"line":206,"column":0},"end":{"line":206,"column":17}},"206":{"start":{"line":207,"column":0},"end":{"line":207,"column":17}},"207":{"start":{"line":208,"column":0},"end":{"line":208,"column":38}},"208":{"start":{"line":209,"column":0},"end":{"line":209,"column":40}},"209":{"start":{"line":210,"column":0},"end":{"line":210,"column":9}},"210":{"start":{"line":211,"column":0},"end":{"line":211,"column":40}},"211":{"start":{"line":212,"column":0},"end":{"line":212,"column":17}},"212":{"start":{"line":213,"column":0},"end":{"line":213,"column":7}},"213":{"start":{"line":214,"column":0},"end":{"line":214,"column":5}},"216":{"start":{"line":217,"column":0},"end":{"line":217,"column":9}},"217":{"start":{"line":218,"column":0},"end":{"line":218,"column":45}},"218":{"start":{"line":219,"column":0},"end":{"line":219,"column":23}},"219":{"start":{"line":220,"column":0},"end":{"line":220,"column":18}},"220":{"start":{"line":221,"column":0},"end":{"line":221,"column":27}},"221":{"start":{"line":222,"column":0},"end":{"line":222,"column":26}},"222":{"start":{"line":223,"column":0},"end":{"line":223,"column":8}},"224":{"start":{"line":225,"column":0},"end":{"line":225,"column":31}},"226":{"start":{"line":227,"column":0},"end":{"line":227,"column":17}},"227":{"start":{"line":228,"column":0},"end":{"line":228,"column":7}},"229":{"start":{"line":230,"column":0},"end":{"line":230,"column":48}},"230":{"start":{"line":231,"column":0},"end":{"line":231,"column":21}},"231":{"start":{"line":232,"column":0},"end":{"line":232,"column":41}},"232":{"start":{"line":233,"column":0},"end":{"line":233,"column":7}},"234":{"start":{"line":235,"column":0},"end":{"line":235,"column":10}},"235":{"start":{"line":236,"column":0},"end":{"line":236,"column":75}},"236":{"start":{"line":237,"column":0},"end":{"line":237,"column":9}},"237":{"start":{"line":238,"column":0},"end":{"line":238,"column":51}},"238":{"start":{"line":239,"column":0},"end":{"line":239,"column":43}},"239":{"start":{"line":240,"column":0},"end":{"line":240,"column":25}},"240":{"start":{"line":241,"column":0},"end":{"line":241,"column":39}},"241":{"start":{"line":242,"column":0},"end":{"line":242,"column":19}},"242":{"start":{"line":243,"column":0},"end":{"line":243,"column":9}},"243":{"start":{"line":244,"column":0},"end":{"line":244,"column":66}},"244":{"start":{"line":245,"column":0},"end":{"line":245,"column":41}},"246":{"start":{"line":247,"column":0},"end":{"line":247,"column":37}},"247":{"start":{"line":248,"column":0},"end":{"line":248,"column":7}},"249":{"start":{"line":250,"column":0},"end":{"line":250,"column":13}},"251":{"start":{"line":252,"column":0},"end":{"line":252,"column":15}},"252":{"start":{"line":253,"column":0},"end":{"line":253,"column":5}},"253":{"start":{"line":254,"column":0},"end":{"line":254,"column":3}},"256":{"start":{"line":257,"column":0},"end":{"line":257,"column":52}},"257":{"start":{"line":258,"column":0},"end":{"line":258,"column":69}},"258":{"start":{"line":259,"column":0},"end":{"line":259,"column":4}},"260":{"start":{"line":261,"column":0},"end":{"line":261,"column":27}},"261":{"start":{"line":262,"column":0},"end":{"line":262,"column":40}},"262":{"start":{"line":263,"column":0},"end":{"line":263,"column":50}},"263":{"start":{"line":264,"column":0},"end":{"line":264,"column":12}},"264":{"start":{"line":265,"column":0},"end":{"line":265,"column":5}},"265":{"start":{"line":266,"column":0},"end":{"line":266,"column":62}},"266":{"start":{"line":267,"column":0},"end":{"line":267,"column":33}},"267":{"start":{"line":268,"column":0},"end":{"line":268,"column":59}},"268":{"start":{"line":269,"column":0},"end":{"line":269,"column":5}},"270":{"start":{"line":271,"column":0},"end":{"line":271,"column":23}},"271":{"start":{"line":272,"column":0},"end":{"line":272,"column":9}},"272":{"start":{"line":273,"column":0},"end":{"line":273,"column":45}},"273":{"start":{"line":274,"column":0},"end":{"line":274,"column":23}},"274":{"start":{"line":275,"column":0},"end":{"line":275,"column":18}},"275":{"start":{"line":276,"column":0},"end":{"line":276,"column":27}},"276":{"start":{"line":277,"column":0},"end":{"line":277,"column":26}},"277":{"start":{"line":278,"column":0},"end":{"line":278,"column":8}},"279":{"start":{"line":280,"column":0},"end":{"line":280,"column":31}},"280":{"start":{"line":281,"column":0},"end":{"line":281,"column":52}},"281":{"start":{"line":282,"column":0},"end":{"line":282,"column":7}},"283":{"start":{"line":284,"column":0},"end":{"line":284,"column":48}},"284":{"start":{"line":285,"column":0},"end":{"line":285,"column":21}},"285":{"start":{"line":286,"column":0},"end":{"line":286,"column":17}},"286":{"start":{"line":287,"column":0},"end":{"line":287,"column":7}},"288":{"start":{"line":289,"column":0},"end":{"line":289,"column":10}},"289":{"start":{"line":290,"column":0},"end":{"line":290,"column":75}},"290":{"start":{"line":291,"column":0},"end":{"line":291,"column":9}},"291":{"start":{"line":292,"column":0},"end":{"line":292,"column":51}},"292":{"start":{"line":293,"column":0},"end":{"line":293,"column":43}},"293":{"start":{"line":294,"column":0},"end":{"line":294,"column":25}},"294":{"start":{"line":295,"column":0},"end":{"line":295,"column":39}},"295":{"start":{"line":296,"column":0},"end":{"line":296,"column":19}},"296":{"start":{"line":297,"column":0},"end":{"line":297,"column":9}},"297":{"start":{"line":298,"column":0},"end":{"line":298,"column":66}},"298":{"start":{"line":299,"column":0},"end":{"line":299,"column":14}},"299":{"start":{"line":300,"column":0},"end":{"line":300,"column":61}},"300":{"start":{"line":301,"column":0},"end":{"line":301,"column":7}},"301":{"start":{"line":302,"column":0},"end":{"line":302,"column":13}},"303":{"start":{"line":304,"column":0},"end":{"line":304,"column":15}},"304":{"start":{"line":305,"column":0},"end":{"line":305,"column":5}},"305":{"start":{"line":306,"column":0},"end":{"line":306,"column":3}},"307":{"start":{"line":308,"column":0},"end":{"line":308,"column":18}},"308":{"start":{"line":309,"column":0},"end":{"line":309,"column":1}},"313":{"start":{"line":314,"column":0},"end":{"line":314,"column":31}},"314":{"start":{"line":315,"column":0},"end":{"line":315,"column":20}},"315":{"start":{"line":316,"column":0},"end":{"line":316,"column":19}},"316":{"start":{"line":317,"column":0},"end":{"line":317,"column":11}},"317":{"start":{"line":318,"column":0},"end":{"line":318,"column":37}},"318":{"start":{"line":319,"column":0},"end":{"line":319,"column":1}},"324":{"start":{"line":325,"column":0},"end":{"line":325,"column":36}},"325":{"start":{"line":326,"column":0},"end":{"line":326,"column":40}},"326":{"start":{"line":327,"column":0},"end":{"line":327,"column":50}},"327":{"start":{"line":328,"column":0},"end":{"line":328,"column":50}},"331":{"start":{"line":332,"column":0},"end":{"line":332,"column":3}},"332":{"start":{"line":333,"column":0},"end":{"line":333,"column":43}},"335":{"start":{"line":336,"column":0},"end":{"line":336,"column":6}},"337":{"start":{"line":338,"column":0},"end":{"line":338,"column":37}},"338":{"start":{"line":339,"column":0},"end":{"line":339,"column":29}},"342":{"start":{"line":343,"column":0},"end":{"line":343,"column":12}},"344":{"start":{"line":345,"column":0},"end":{"line":345,"column":59}},"345":{"start":{"line":346,"column":0},"end":{"line":346,"column":71}},"346":{"start":{"line":347,"column":0},"end":{"line":347,"column":59}},"347":{"start":{"line":348,"column":0},"end":{"line":348,"column":25}},"348":{"start":{"line":349,"column":0},"end":{"line":349,"column":30}},"349":{"start":{"line":350,"column":0},"end":{"line":350,"column":20}},"350":{"start":{"line":351,"column":0},"end":{"line":351,"column":31}},"351":{"start":{"line":352,"column":0},"end":{"line":352,"column":11}},"352":{"start":{"line":353,"column":0},"end":{"line":353,"column":7}},"353":{"start":{"line":354,"column":0},"end":{"line":354,"column":5}},"355":{"start":{"line":356,"column":0},"end":{"line":356,"column":34}},"356":{"start":{"line":357,"column":0},"end":{"line":357,"column":57}},"357":{"start":{"line":358,"column":0},"end":{"line":358,"column":15}},"358":{"start":{"line":359,"column":0},"end":{"line":359,"column":5}},"361":{"start":{"line":362,"column":0},"end":{"line":362,"column":30}},"364":{"start":{"line":365,"column":0},"end":{"line":365,"column":8}},"365":{"start":{"line":366,"column":0},"end":{"line":366,"column":33}},"366":{"start":{"line":367,"column":0},"end":{"line":367,"column":49}},"367":{"start":{"line":368,"column":0},"end":{"line":368,"column":20}},"368":{"start":{"line":369,"column":0},"end":{"line":369,"column":36}},"369":{"start":{"line":370,"column":0},"end":{"line":370,"column":5}},"371":{"start":{"line":372,"column":0},"end":{"line":372,"column":42}},"372":{"start":{"line":373,"column":0},"end":{"line":373,"column":43}},"373":{"start":{"line":374,"column":0},"end":{"line":374,"column":56}},"374":{"start":{"line":375,"column":0},"end":{"line":375,"column":28}},"375":{"start":{"line":376,"column":0},"end":{"line":376,"column":7}},"376":{"start":{"line":377,"column":0},"end":{"line":377,"column":5}},"378":{"start":{"line":379,"column":0},"end":{"line":379,"column":60}},"379":{"start":{"line":380,"column":0},"end":{"line":380,"column":70}},"381":{"start":{"line":382,"column":0},"end":{"line":382,"column":62}},"382":{"start":{"line":383,"column":0},"end":{"line":383,"column":12}},"383":{"start":{"line":384,"column":0},"end":{"line":384,"column":62}},"384":{"start":{"line":385,"column":0},"end":{"line":385,"column":5}},"386":{"start":{"line":387,"column":0},"end":{"line":387,"column":33}},"387":{"start":{"line":388,"column":0},"end":{"line":388,"column":23}},"388":{"start":{"line":389,"column":0},"end":{"line":389,"column":59}},"389":{"start":{"line":390,"column":0},"end":{"line":390,"column":6}},"390":{"start":{"line":391,"column":0},"end":{"line":391,"column":3}},"392":{"start":{"line":393,"column":0},"end":{"line":393,"column":34}},"393":{"start":{"line":394,"column":0},"end":{"line":394,"column":1}},"395":{"start":{"line":396,"column":0},"end":{"line":396,"column":57}},"396":{"start":{"line":397,"column":0},"end":{"line":397,"column":36}},"397":{"start":{"line":398,"column":0},"end":{"line":398,"column":21}},"398":{"start":{"line":399,"column":0},"end":{"line":399,"column":20}},"399":{"start":{"line":400,"column":0},"end":{"line":400,"column":3}},"400":{"start":{"line":401,"column":0},"end":{"line":401,"column":73}},"401":{"start":{"line":402,"column":0},"end":{"line":402,"column":1}},"406":{"start":{"line":407,"column":0},"end":{"line":407,"column":38}},"407":{"start":{"line":408,"column":0},"end":{"line":408,"column":34}},"408":{"start":{"line":409,"column":0},"end":{"line":409,"column":40}},"409":{"start":{"line":410,"column":0},"end":{"line":410,"column":12}},"410":{"start":{"line":411,"column":0},"end":{"line":411,"column":37}},"411":{"start":{"line":412,"column":0},"end":{"line":412,"column":55}},"412":{"start":{"line":413,"column":0},"end":{"line":413,"column":24}},"413":{"start":{"line":414,"column":0},"end":{"line":414,"column":66}},"414":{"start":{"line":415,"column":0},"end":{"line":415,"column":24}},"415":{"start":{"line":416,"column":0},"end":{"line":416,"column":18}},"416":{"start":{"line":417,"column":0},"end":{"line":417,"column":5}},"417":{"start":{"line":418,"column":0},"end":{"line":418,"column":3}},"418":{"start":{"line":419,"column":0},"end":{"line":419,"column":15}},"419":{"start":{"line":420,"column":0},"end":{"line":420,"column":1}},"425":{"start":{"line":426,"column":0},"end":{"line":426,"column":33}},"426":{"start":{"line":427,"column":0},"end":{"line":427,"column":42}},"427":{"start":{"line":428,"column":0},"end":{"line":428,"column":20}},"428":{"start":{"line":429,"column":0},"end":{"line":429,"column":20}},"429":{"start":{"line":430,"column":0},"end":{"line":430,"column":25}},"430":{"start":{"line":431,"column":0},"end":{"line":431,"column":33}},"431":{"start":{"line":432,"column":0},"end":{"line":432,"column":33}},"432":{"start":{"line":433,"column":0},"end":{"line":433,"column":24}},"433":{"start":{"line":434,"column":0},"end":{"line":434,"column":27}},"434":{"start":{"line":435,"column":0},"end":{"line":435,"column":40}},"437":{"start":{"line":438,"column":0},"end":{"line":438,"column":6}},"438":{"start":{"line":439,"column":0},"end":{"line":439,"column":44}},"439":{"start":{"line":440,"column":0},"end":{"line":440,"column":33}},"440":{"start":{"line":441,"column":0},"end":{"line":441,"column":5}},"441":{"start":{"line":442,"column":0},"end":{"line":442,"column":26}},"442":{"start":{"line":443,"column":0},"end":{"line":443,"column":3}},"443":{"start":{"line":444,"column":0},"end":{"line":444,"column":26}},"444":{"start":{"line":445,"column":0},"end":{"line":445,"column":26}},"445":{"start":{"line":446,"column":0},"end":{"line":446,"column":3}},"447":{"start":{"line":448,"column":0},"end":{"line":448,"column":47}},"448":{"start":{"line":449,"column":0},"end":{"line":449,"column":23}},"450":{"start":{"line":451,"column":0},"end":{"line":451,"column":50}},"451":{"start":{"line":452,"column":0},"end":{"line":452,"column":65}},"452":{"start":{"line":453,"column":0},"end":{"line":453,"column":17}},"453":{"start":{"line":454,"column":0},"end":{"line":454,"column":27}},"454":{"start":{"line":455,"column":0},"end":{"line":455,"column":7}},"455":{"start":{"line":456,"column":0},"end":{"line":456,"column":19}},"457":{"start":{"line":458,"column":0},"end":{"line":458,"column":37}},"458":{"start":{"line":459,"column":0},"end":{"line":459,"column":12}},"459":{"start":{"line":460,"column":0},"end":{"line":460,"column":5}},"462":{"start":{"line":463,"column":0},"end":{"line":463,"column":45}},"464":{"start":{"line":465,"column":0},"end":{"line":465,"column":49}},"465":{"start":{"line":466,"column":0},"end":{"line":466,"column":70}},"466":{"start":{"line":467,"column":0},"end":{"line":467,"column":12}},"467":{"start":{"line":468,"column":0},"end":{"line":468,"column":5}},"469":{"start":{"line":470,"column":0},"end":{"line":470,"column":41}},"470":{"start":{"line":471,"column":0},"end":{"line":471,"column":3}},"472":{"start":{"line":473,"column":0},"end":{"line":473,"column":24}},"473":{"start":{"line":474,"column":0},"end":{"line":474,"column":1}}},"s":{"0":1,"18":1,"19":1,"20":1,"60":11,"61":11,"62":11,"63":11,"64":11,"65":11,"66":11,"69":11,"70":2,"71":2,"72":2,"73":2,"74":2,"75":1,"76":1,"77":1,"78":1,"79":1,"81":2,"84":9,"86":11,"87":59,"88":59,"89":59,"90":59,"91":59,"93":59,"94":0,"95":0,"98":59,"99":8,"100":8,"103":51,"104":51,"107":1,"108":1,"109":1,"110":1,"111":1,"117":5,"118":5,"119":5,"120":5,"121":5,"122":5,"123":5,"124":5,"126":5,"127":5,"129":5,"131":5,"133":5,"134":5,"135":5,"137":4,"138":4,"139":4,"140":5,"141":1,"142":1,"145":1,"146":1,"148":1,"149":1,"150":1,"151":1,"152":1,"153":1,"154":1,"155":0,"156":0,"157":0,"158":1,"159":0,"160":0,"161":1,"162":1,"163":5,"165":0,"166":0,"167":0,"168":0,"169":0,"171":0,"172":0,"174":0,"175":0,"176":5,"178":0,"179":0,"180":0,"181":0,"182":0,"183":0,"184":0,"187":5,"190":5,"191":11,"192":11,"193":1,"194":1,"196":10,"197":11,"199":9,"200":9,"201":2,"202":2,"203":9,"204":1,"205":1,"206":1,"207":8,"208":1,"209":8,"210":7,"211":7,"212":7,"213":9,"216":2,"217":2,"218":2,"219":2,"220":2,"221":2,"222":2,"224":11,"226":0,"227":0,"229":2,"230":11,"231":0,"232":0,"234":2,"235":2,"236":2,"237":2,"238":2,"239":2,"240":0,"241":0,"242":0,"243":2,"244":11,"246":0,"247":0,"249":11,"251":0,"252":0,"253":11,"256":5,"257":5,"258":5,"260":5,"261":5,"262":6,"263":1,"264":1,"265":5,"266":6,"267":0,"268":0,"270":5,"271":5,"272":5,"273":5,"274":5,"275":5,"276":5,"277":5,"279":6,"280":0,"281":0,"283":5,"284":6,"285":0,"286":0,"288":5,"289":5,"290":5,"291":5,"292":5,"293":5,"294":0,"295":0,"296":0,"297":5,"298":6,"299":0,"300":0,"301":6,"303":0,"304":0,"305":6,"307":5,"308":5,"313":1,"314":22,"315":22,"316":22,"317":22,"318":22,"324":1,"325":2,"326":2,"327":2,"331":2,"332":2,"335":2,"337":2,"338":2,"342":2,"344":2,"345":2,"346":2,"347":2,"348":2,"349":2,"350":2,"351":2,"352":2,"353":2,"355":2,"356":1,"357":1,"358":1,"361":1,"364":1,"365":2,"366":2,"367":2,"368":2,"369":2,"371":1,"372":2,"373":2,"374":2,"375":2,"376":2,"378":1,"379":2,"381":0,"382":2,"383":1,"384":1,"386":1,"387":1,"388":2,"389":2,"390":2,"392":2,"393":2,"395":2,"396":2,"397":2,"398":0,"399":0,"400":2,"401":2,"406":1,"407":2,"408":2,"409":2,"410":2,"411":2,"412":2,"413":2,"414":2,"415":1,"416":1,"417":2,"418":1,"419":1,"425":4,"426":4,"427":4,"428":4,"429":4,"430":4,"431":4,"432":4,"433":4,"434":4,"437":4,"438":4,"439":4,"440":4,"441":1,"442":1,"443":4,"444":0,"445":0,"447":3,"448":3,"450":4,"451":12,"452":12,"453":12,"454":12,"455":12,"457":12,"458":1,"459":1,"462":11,"464":11,"465":12,"466":0,"467":0,"469":11,"470":11,"472":3,"473":3},"branchMap":{"0":{"type":"branch","line":61,"loc":{"start":{"line":61,"column":0},"end":{"line":112,"column":1}},"locations":[{"start":{"line":61,"column":0},"end":{"line":112,"column":1}}]},"1":{"type":"branch","line":70,"loc":{"start":{"line":70,"column":23},"end":{"line":82,"column":3}},"locations":[{"start":{"line":70,"column":23},"end":{"line":82,"column":3}}]},"2":{"type":"branch","line":75,"loc":{"start":{"line":75,"column":33},"end":{"line":80,"column":5}},"locations":[{"start":{"line":75,"column":33},"end":{"line":80,"column":5}}]},"3":{"type":"branch","line":82,"loc":{"start":{"line":82,"column":2},"end":{"line":87,"column":48}},"locations":[{"start":{"line":82,"column":2},"end":{"line":87,"column":48}}]},"4":{"type":"branch","line":87,"loc":{"start":{"line":87,"column":48},"end":{"line":105,"column":3}},"locations":[{"start":{"line":87,"column":48},"end":{"line":105,"column":3}}]},"5":{"type":"branch","line":90,"loc":{"start":{"line":90,"column":20},"end":{"line":90,"column":40}},"locations":[{"start":{"line":90,"column":20},"end":{"line":90,"column":40}}]},"6":{"type":"branch","line":94,"loc":{"start":{"line":94,"column":33},"end":{"line":96,"column":5}},"locations":[{"start":{"line":94,"column":33},"end":{"line":96,"column":5}}]},"7":{"type":"branch","line":99,"loc":{"start":{"line":99,"column":35},"end":{"line":101,"column":5}},"locations":[{"start":{"line":99,"column":35},"end":{"line":101,"column":5}}]},"8":{"type":"branch","line":101,"loc":{"start":{"line":101,"column":4},"end":{"line":105,"column":3}},"locations":[{"start":{"line":101,"column":4},"end":{"line":105,"column":3}}]},"9":{"type":"branch","line":105,"loc":{"start":{"line":105,"column":2},"end":{"line":112,"column":1}},"locations":[{"start":{"line":105,"column":2},"end":{"line":112,"column":1}}]},"10":{"type":"branch","line":118,"loc":{"start":{"line":118,"column":0},"end":{"line":309,"column":1}},"locations":[{"start":{"line":118,"column":0},"end":{"line":309,"column":1}}]},"11":{"type":"branch","line":125,"loc":{"start":{"line":125,"column":24},"end":{"line":125,"column":66}},"locations":[{"start":{"line":125,"column":24},"end":{"line":125,"column":66}}]},"12":{"type":"branch","line":136,"loc":{"start":{"line":136,"column":31},"end":{"line":141,"column":13}},"locations":[{"start":{"line":136,"column":31},"end":{"line":141,"column":13}}]},"13":{"type":"branch","line":141,"loc":{"start":{"line":141,"column":6},"end":{"line":163,"column":7}},"locations":[{"start":{"line":141,"column":6},"end":{"line":163,"column":7}}]},"14":{"type":"branch","line":155,"loc":{"start":{"line":155,"column":52},"end":{"line":158,"column":13}},"locations":[{"start":{"line":155,"column":52},"end":{"line":158,"column":13}}]},"15":{"type":"branch","line":159,"loc":{"start":{"line":159,"column":10},"end":{"line":161,"column":11}},"locations":[{"start":{"line":159,"column":10},"end":{"line":161,"column":11}}]},"16":{"type":"branch","line":164,"loc":{"start":{"line":164,"column":4},"end":{"line":176,"column":5}},"locations":[{"start":{"line":164,"column":4},"end":{"line":176,"column":5}}]},"17":{"type":"branch","line":177,"loc":{"start":{"line":177,"column":2},"end":{"line":185,"column":3}},"locations":[{"start":{"line":177,"column":2},"end":{"line":185,"column":3}}]},"18":{"type":"branch","line":191,"loc":{"start":{"line":191,"column":34},"end":{"line":254,"column":3}},"locations":[{"start":{"line":191,"column":34},"end":{"line":254,"column":3}}]},"19":{"type":"branch","line":193,"loc":{"start":{"line":193,"column":32},"end":{"line":195,"column":5}},"locations":[{"start":{"line":193,"column":32},"end":{"line":195,"column":5}}]},"20":{"type":"branch","line":195,"loc":{"start":{"line":195,"column":4},"end":{"line":198,"column":26}},"locations":[{"start":{"line":195,"column":4},"end":{"line":198,"column":26}}]},"21":{"type":"branch","line":198,"loc":{"start":{"line":198,"column":26},"end":{"line":214,"column":5}},"locations":[{"start":{"line":198,"column":26},"end":{"line":214,"column":5}}]},"22":{"type":"branch","line":201,"loc":{"start":{"line":201,"column":31},"end":{"line":202,"column":43}},"locations":[{"start":{"line":201,"column":31},"end":{"line":202,"column":43}}]},"23":{"type":"branch","line":202,"loc":{"start":{"line":202,"column":31},"end":{"line":203,"column":49}},"locations":[{"start":{"line":202,"column":31},"end":{"line":203,"column":49}}]},"24":{"type":"branch","line":204,"loc":{"start":{"line":204,"column":8},"end":{"line":207,"column":17}},"locations":[{"start":{"line":204,"column":8},"end":{"line":207,"column":17}}]},"25":{"type":"branch","line":207,"loc":{"start":{"line":207,"column":6},"end":{"line":213,"column":7}},"locations":[{"start":{"line":207,"column":6},"end":{"line":213,"column":7}}]},"26":{"type":"branch","line":208,"loc":{"start":{"line":208,"column":31},"end":{"line":209,"column":40}},"locations":[{"start":{"line":208,"column":31},"end":{"line":209,"column":40}}]},"27":{"type":"branch","line":210,"loc":{"start":{"line":210,"column":8},"end":{"line":213,"column":7}},"locations":[{"start":{"line":210,"column":8},"end":{"line":213,"column":7}}]},"28":{"type":"branch","line":214,"loc":{"start":{"line":214,"column":4},"end":{"line":225,"column":30}},"locations":[{"start":{"line":214,"column":4},"end":{"line":225,"column":30}}]},"29":{"type":"branch","line":225,"loc":{"start":{"line":225,"column":30},"end":{"line":228,"column":7}},"locations":[{"start":{"line":225,"column":30},"end":{"line":228,"column":7}}]},"30":{"type":"branch","line":228,"loc":{"start":{"line":228,"column":6},"end":{"line":231,"column":20}},"locations":[{"start":{"line":228,"column":6},"end":{"line":231,"column":20}}]},"31":{"type":"branch","line":231,"loc":{"start":{"line":231,"column":20},"end":{"line":233,"column":7}},"locations":[{"start":{"line":231,"column":20},"end":{"line":233,"column":7}}]},"32":{"type":"branch","line":233,"loc":{"start":{"line":233,"column":6},"end":{"line":245,"column":17}},"locations":[{"start":{"line":233,"column":6},"end":{"line":245,"column":17}}]},"33":{"type":"branch","line":240,"loc":{"start":{"line":240,"column":24},"end":{"line":243,"column":9}},"locations":[{"start":{"line":240,"column":24},"end":{"line":243,"column":9}}]},"34":{"type":"branch","line":244,"loc":{"start":{"line":244,"column":51},"end":{"line":244,"column":63}},"locations":[{"start":{"line":244,"column":51},"end":{"line":244,"column":63}}]},"35":{"type":"branch","line":245,"loc":{"start":{"line":245,"column":6},"end":{"line":248,"column":7}},"locations":[{"start":{"line":245,"column":6},"end":{"line":248,"column":7}}]},"36":{"type":"branch","line":250,"loc":{"start":{"line":250,"column":4},"end":{"line":253,"column":5}},"locations":[{"start":{"line":250,"column":4},"end":{"line":253,"column":5}}]},"37":{"type":"branch","line":262,"loc":{"start":{"line":262,"column":39},"end":{"line":306,"column":3}},"locations":[{"start":{"line":262,"column":39},"end":{"line":306,"column":3}}]},"38":{"type":"branch","line":263,"loc":{"start":{"line":263,"column":49},"end":{"line":265,"column":5}},"locations":[{"start":{"line":263,"column":49},"end":{"line":265,"column":5}}]},"39":{"type":"branch","line":265,"loc":{"start":{"line":265,"column":4},"end":{"line":267,"column":32}},"locations":[{"start":{"line":265,"column":4},"end":{"line":267,"column":32}}]},"40":{"type":"branch","line":267,"loc":{"start":{"line":267,"column":32},"end":{"line":269,"column":5}},"locations":[{"start":{"line":267,"column":32},"end":{"line":269,"column":5}}]},"41":{"type":"branch","line":269,"loc":{"start":{"line":269,"column":4},"end":{"line":280,"column":30}},"locations":[{"start":{"line":269,"column":4},"end":{"line":280,"column":30}}]},"42":{"type":"branch","line":280,"loc":{"start":{"line":280,"column":30},"end":{"line":282,"column":7}},"locations":[{"start":{"line":280,"column":30},"end":{"line":282,"column":7}}]},"43":{"type":"branch","line":282,"loc":{"start":{"line":282,"column":6},"end":{"line":285,"column":20}},"locations":[{"start":{"line":282,"column":6},"end":{"line":285,"column":20}}]},"44":{"type":"branch","line":285,"loc":{"start":{"line":285,"column":20},"end":{"line":287,"column":7}},"locations":[{"start":{"line":285,"column":20},"end":{"line":287,"column":7}}]},"45":{"type":"branch","line":287,"loc":{"start":{"line":287,"column":6},"end":{"line":299,"column":13}},"locations":[{"start":{"line":287,"column":6},"end":{"line":299,"column":13}}]},"46":{"type":"branch","line":294,"loc":{"start":{"line":294,"column":24},"end":{"line":297,"column":9}},"locations":[{"start":{"line":294,"column":24},"end":{"line":297,"column":9}}]},"47":{"type":"branch","line":298,"loc":{"start":{"line":298,"column":51},"end":{"line":298,"column":63}},"locations":[{"start":{"line":298,"column":51},"end":{"line":298,"column":63}}]},"48":{"type":"branch","line":299,"loc":{"start":{"line":299,"column":6},"end":{"line":301,"column":7}},"locations":[{"start":{"line":299,"column":6},"end":{"line":301,"column":7}}]},"49":{"type":"branch","line":302,"loc":{"start":{"line":302,"column":4},"end":{"line":305,"column":5}},"locations":[{"start":{"line":302,"column":4},"end":{"line":305,"column":5}}]},"50":{"type":"branch","line":147,"loc":{"start":{"line":147,"column":51},"end":{"line":147,"column":70}},"locations":[{"start":{"line":147,"column":51},"end":{"line":147,"column":70}}]},"51":{"type":"branch","line":258,"loc":{"start":{"line":258,"column":4},"end":{"line":258,"column":69}},"locations":[{"start":{"line":258,"column":4},"end":{"line":258,"column":69}}]},"52":{"type":"branch","line":314,"loc":{"start":{"line":314,"column":7},"end":{"line":319,"column":1}},"locations":[{"start":{"line":314,"column":7},"end":{"line":319,"column":1}}]},"53":{"type":"branch","line":325,"loc":{"start":{"line":325,"column":7},"end":{"line":394,"column":1}},"locations":[{"start":{"line":325,"column":7},"end":{"line":394,"column":1}}]},"54":{"type":"branch","line":356,"loc":{"start":{"line":356,"column":33},"end":{"line":366,"column":32}},"locations":[{"start":{"line":356,"column":33},"end":{"line":366,"column":32}}]},"55":{"type":"branch","line":370,"loc":{"start":{"line":370,"column":4},"end":{"line":373,"column":42}},"locations":[{"start":{"line":370,"column":4},"end":{"line":373,"column":42}}]},"56":{"type":"branch","line":374,"loc":{"start":{"line":374,"column":26},"end":{"line":374,"column":55}},"locations":[{"start":{"line":374,"column":26},"end":{"line":374,"column":55}}]},"57":{"type":"branch","line":377,"loc":{"start":{"line":377,"column":4},"end":{"line":380,"column":47}},"locations":[{"start":{"line":377,"column":4},"end":{"line":380,"column":47}}]},"58":{"type":"branch","line":380,"loc":{"start":{"line":380,"column":34},"end":{"line":380,"column":69}},"locations":[{"start":{"line":380,"column":34},"end":{"line":380,"column":69}}]},"59":{"type":"branch","line":380,"loc":{"start":{"line":380,"column":69},"end":{"line":383,"column":11}},"locations":[{"start":{"line":380,"column":69},"end":{"line":383,"column":11}}]},"60":{"type":"branch","line":383,"loc":{"start":{"line":383,"column":4},"end":{"line":389,"column":57}},"locations":[{"start":{"line":383,"column":4},"end":{"line":389,"column":57}}]},"61":{"type":"branch","line":389,"loc":{"start":{"line":389,"column":46},"end":{"line":389,"column":57}},"locations":[{"start":{"line":389,"column":46},"end":{"line":389,"column":57}}]},"62":{"type":"branch","line":389,"loc":{"start":{"line":389,"column":52},"end":{"line":389,"column":59}},"locations":[{"start":{"line":389,"column":52},"end":{"line":389,"column":59}}]},"63":{"type":"branch","line":396,"loc":{"start":{"line":396,"column":0},"end":{"line":402,"column":1}},"locations":[{"start":{"line":396,"column":0},"end":{"line":402,"column":1}}]},"64":{"type":"branch","line":398,"loc":{"start":{"line":398,"column":20},"end":{"line":400,"column":3}},"locations":[{"start":{"line":398,"column":20},"end":{"line":400,"column":3}}]},"65":{"type":"branch","line":407,"loc":{"start":{"line":407,"column":7},"end":{"line":420,"column":1}},"locations":[{"start":{"line":407,"column":7},"end":{"line":420,"column":1}}]},"66":{"type":"branch","line":413,"loc":{"start":{"line":413,"column":15},"end":{"line":413,"column":24}},"locations":[{"start":{"line":413,"column":15},"end":{"line":413,"column":24}}]},"67":{"type":"branch","line":415,"loc":{"start":{"line":415,"column":23},"end":{"line":417,"column":5}},"locations":[{"start":{"line":415,"column":23},"end":{"line":417,"column":5}}]},"68":{"type":"branch","line":418,"loc":{"start":{"line":418,"column":2},"end":{"line":420,"column":1}},"locations":[{"start":{"line":418,"column":2},"end":{"line":420,"column":1}}]},"69":{"type":"branch","line":414,"loc":{"start":{"line":414,"column":27},"end":{"line":414,"column":64}},"locations":[{"start":{"line":414,"column":27},"end":{"line":414,"column":64}}]},"70":{"type":"branch","line":426,"loc":{"start":{"line":426,"column":0},"end":{"line":474,"column":1}},"locations":[{"start":{"line":426,"column":0},"end":{"line":474,"column":1}}]},"71":{"type":"branch","line":441,"loc":{"start":{"line":441,"column":4},"end":{"line":443,"column":3}},"locations":[{"start":{"line":441,"column":4},"end":{"line":443,"column":3}}]},"72":{"type":"branch","line":443,"loc":{"start":{"line":443,"column":2},"end":{"line":444,"column":25}},"locations":[{"start":{"line":443,"column":2},"end":{"line":444,"column":25}}]},"73":{"type":"branch","line":444,"loc":{"start":{"line":444,"column":25},"end":{"line":446,"column":3}},"locations":[{"start":{"line":444,"column":25},"end":{"line":446,"column":3}}]},"74":{"type":"branch","line":446,"loc":{"start":{"line":446,"column":2},"end":{"line":451,"column":19}},"locations":[{"start":{"line":446,"column":2},"end":{"line":451,"column":19}}]},"75":{"type":"branch","line":451,"loc":{"start":{"line":451,"column":9},"end":{"line":451,"column":49}},"locations":[{"start":{"line":451,"column":9},"end":{"line":451,"column":49}}]},"76":{"type":"branch","line":451,"loc":{"start":{"line":451,"column":49},"end":{"line":471,"column":3}},"locations":[{"start":{"line":451,"column":49},"end":{"line":471,"column":3}}]},"77":{"type":"branch","line":458,"loc":{"start":{"line":458,"column":36},"end":{"line":460,"column":5}},"locations":[{"start":{"line":458,"column":36},"end":{"line":460,"column":5}}]},"78":{"type":"branch","line":460,"loc":{"start":{"line":460,"column":4},"end":{"line":466,"column":69}},"locations":[{"start":{"line":460,"column":4},"end":{"line":466,"column":69}}]},"79":{"type":"branch","line":466,"loc":{"start":{"line":466,"column":69},"end":{"line":468,"column":5}},"locations":[{"start":{"line":466,"column":69},"end":{"line":468,"column":5}}]},"80":{"type":"branch","line":468,"loc":{"start":{"line":468,"column":4},"end":{"line":471,"column":3}},"locations":[{"start":{"line":468,"column":4},"end":{"line":471,"column":3}}]},"81":{"type":"branch","line":471,"loc":{"start":{"line":471,"column":2},"end":{"line":474,"column":1}},"locations":[{"start":{"line":471,"column":2},"end":{"line":474,"column":1}}]}},"b":{"0":[11],"1":[2],"2":[1],"3":[9],"4":[59],"5":[9],"6":[0],"7":[8],"8":[51],"9":[1],"10":[5],"11":[2],"12":[4],"13":[1],"14":[0],"15":[0],"16":[0],"17":[0],"18":[11],"19":[1],"20":[10],"21":[9],"22":[2],"23":[2],"24":[1],"25":[8],"26":[1],"27":[7],"28":[2],"29":[0],"30":[2],"31":[0],"32":[2],"33":[0],"34":[0],"35":[0],"36":[0],"37":[6],"38":[1],"39":[5],"40":[0],"41":[5],"42":[0],"43":[5],"44":[0],"45":[5],"46":[0],"47":[0],"48":[0],"49":[0],"50":[1],"51":[6],"52":[22],"53":[2],"54":[1],"55":[1],"56":[1],"57":[1],"58":[0],"59":[0],"60":[1],"61":[0],"62":[0],"63":[2],"64":[0],"65":[2],"66":[0],"67":[1],"68":[1],"69":[2],"70":[4],"71":[1],"72":[3],"73":[0],"74":[3],"75":[13],"76":[12],"77":[1],"78":[11],"79":[0],"80":[11],"81":[3]},"fnMap":{"0":{"name":"fetchFirstTurn","decl":{"start":{"line":61,"column":0},"end":{"line":112,"column":1}},"loc":{"start":{"line":61,"column":0},"end":{"line":112,"column":1}},"line":61},"1":{"name":"discoverForInstance","decl":{"start":{"line":118,"column":0},"end":{"line":309,"column":1}},"loc":{"start":{"line":118,"column":0},"end":{"line":309,"column":1}},"line":118},"2":{"name":"makeContextKey","decl":{"start":{"line":314,"column":7},"end":{"line":319,"column":1}},"loc":{"start":{"line":314,"column":7},"end":{"line":319,"column":1}},"line":314},"3":{"name":"determineActiveRuns","decl":{"start":{"line":325,"column":7},"end":{"line":394,"column":1}},"loc":{"start":{"line":325,"column":7},"end":{"line":394,"column":1}},"line":325},"4":{"name":"parseContextKey","decl":{"start":{"line":396,"column":0},"end":{"line":402,"column":1}},"loc":{"start":{"line":396,"column":0},"end":{"line":402,"column":1}},"line":396},"5":{"name":"checkPipelineLiveness","decl":{"start":{"line":407,"column":7},"end":{"line":420,"column":1}},"loc":{"start":{"line":407,"column":7},"end":{"line":420,"column":1}},"line":407},"6":{"name":"recoverGap","decl":{"start":{"line":426,"column":0},"end":{"line":474,"column":1}},"loc":{"start":{"line":426,"column":0},"end":{"line":474,"column":1}},"line":426}},"f":{"0":11,"1":5,"2":22,"3":2,"4":2,"5":2,"6":4}}
,"/Users/cwoolley/.local/state/kilroy/attractor/runs/01KJRF75H261FMFY4YR1A3HCNY/worktree/frontend/src/lib/dot-parser.ts": {"path":"/Users/cwoolley/.local/state/kilroy/attractor/runs/01KJRF75H261FMFY4YR1A3HCNY/worktree/frontend/src/lib/dot-parser.ts","all":false,"statementMap":{"10":{"start":{"line":11,"column":0},"end":{"line":11,"column":66}},"12":{"start":{"line":13,"column":0},"end":{"line":13,"column":12}},"13":{"start":{"line":14,"column":0},"end":{"line":14,"column":61}},"14":{"start":{"line":15,"column":0},"end":{"line":15,"column":35}},"15":{"start":{"line":16,"column":0},"end":{"line":16,"column":15}},"16":{"start":{"line":17,"column":0},"end":{"line":17,"column":16}},"17":{"start":{"line":18,"column":0},"end":{"line":18,"column":3}},"18":{"start":{"line":19,"column":0},"end":{"line":19,"column":27}},"19":{"start":{"line":20,"column":0},"end":{"line":20,"column":17}},"20":{"start":{"line":21,"column":0},"end":{"line":21,"column":16}},"21":{"start":{"line":22,"column":0},"end":{"line":22,"column":3}},"22":{"start":{"line":23,"column":0},"end":{"line":23,"column":30}},"23":{"start":{"line":24,"column":0},"end":{"line":24,"column":1}},"30":{"start":{"line":31,"column":0},"end":{"line":31,"column":50}},"31":{"start":{"line":32,"column":0},"end":{"line":32,"column":23}},"32":{"start":{"line":33,"column":0},"end":{"line":33,"column":62}},"33":{"start":{"line":34,"column":0},"end":{"line":34,"column":33}},"34":{"start":{"line":35,"column":0},"end":{"line":35,"column":36}},"35":{"start":{"line":36,"column":0},"end":{"line":36,"column":3}},"36":{"start":{"line":37,"column":0},"end":{"line":37,"column":11}},"37":{"start":{"line":38,"column":0},"end":{"line":38,"column":1}},"39":{"start":{"line":40,"column":0},"end":{"line":40,"column":47}},"40":{"start":{"line":41,"column":0},"end":{"line":41,"column":18}},"41":{"start":{"line":42,"column":0},"end":{"line":42,"column":12}},"42":{"start":{"line":43,"column":0},"end":{"line":43,"column":24}},"43":{"start":{"line":44,"column":0},"end":{"line":44,"column":44}},"44":{"start":{"line":45,"column":0},"end":{"line":45,"column":28}},"45":{"start":{"line":46,"column":0},"end":{"line":46,"column":25}},"46":{"start":{"line":47,"column":0},"end":{"line":47,"column":22}},"47":{"start":{"line":48,"column":0},"end":{"line":48,"column":15}},"48":{"start":{"line":49,"column":0},"end":{"line":49,"column":32}},"49":{"start":{"line":50,"column":0},"end":{"line":50,"column":23}},"50":{"start":{"line":51,"column":0},"end":{"line":51,"column":15}},"51":{"start":{"line":52,"column":0},"end":{"line":52,"column":33}},"52":{"start":{"line":53,"column":0},"end":{"line":53,"column":23}},"53":{"start":{"line":54,"column":0},"end":{"line":54,"column":15}},"54":{"start":{"line":55,"column":0},"end":{"line":55,"column":14}},"55":{"start":{"line":56,"column":0},"end":{"line":56,"column":30}},"56":{"start":{"line":57,"column":0},"end":{"line":57,"column":15}},"57":{"start":{"line":58,"column":0},"end":{"line":58,"column":7}},"58":{"start":{"line":59,"column":0},"end":{"line":59,"column":12}},"59":{"start":{"line":60,"column":0},"end":{"line":60,"column":21}},"60":{"start":{"line":61,"column":0},"end":{"line":61,"column":10}},"61":{"start":{"line":62,"column":0},"end":{"line":62,"column":5}},"62":{"start":{"line":63,"column":0},"end":{"line":63,"column":3}},"63":{"start":{"line":64,"column":0},"end":{"line":64,"column":16}},"64":{"start":{"line":65,"column":0},"end":{"line":65,"column":1}}},"s":{"10":1,"12":8,"13":8,"14":8,"15":8,"16":2,"17":2,"18":6,"19":8,"20":0,"21":0,"22":6,"23":6,"30":1,"31":12,"32":12,"33":6,"34":6,"35":6,"36":6,"37":6,"39":6,"40":6,"41":6,"42":6,"43":50,"44":5,"45":5,"46":2,"47":2,"48":5,"49":1,"50":1,"51":3,"52":1,"53":1,"54":1,"55":1,"56":1,"57":1,"58":50,"59":45,"60":45,"61":45,"62":50,"63":6,"64":6},"branchMap":{"0":{"type":"branch","line":11,"loc":{"start":{"line":11,"column":7},"end":{"line":24,"column":1}},"locations":[{"start":{"line":11,"column":7},"end":{"line":24,"column":1}}]},"1":{"type":"branch","line":16,"loc":{"start":{"line":16,"column":14},"end":{"line":18,"column":3}},"locations":[{"start":{"line":16,"column":14},"end":{"line":18,"column":3}}]},"2":{"type":"branch","line":18,"loc":{"start":{"line":18,"column":2},"end":{"line":20,"column":16}},"locations":[{"start":{"line":18,"column":2},"end":{"line":20,"column":16}}]},"3":{"type":"branch","line":20,"loc":{"start":{"line":20,"column":16},"end":{"line":22,"column":3}},"locations":[{"start":{"line":20,"column":16},"end":{"line":22,"column":3}}]},"4":{"type":"branch","line":22,"loc":{"start":{"line":22,"column":2},"end":{"line":24,"column":1}},"locations":[{"start":{"line":22,"column":2},"end":{"line":24,"column":1}}]},"5":{"type":"branch","line":31,"loc":{"start":{"line":31,"column":7},"end":{"line":38,"column":1}},"locations":[{"start":{"line":31,"column":7},"end":{"line":38,"column":1}}]},"6":{"type":"branch","line":33,"loc":{"start":{"line":33,"column":22},"end":{"line":33,"column":46}},"locations":[{"start":{"line":33,"column":22},"end":{"line":33,"column":46}}]},"7":{"type":"branch","line":33,"loc":{"start":{"line":33,"column":41},"end":{"line":33,"column":61}},"locations":[{"start":{"line":33,"column":41},"end":{"line":33,"column":61}}]},"8":{"type":"branch","line":33,"loc":{"start":{"line":33,"column":61},"end":{"line":38,"column":1}},"locations":[{"start":{"line":33,"column":61},"end":{"line":38,"column":1}}]},"9":{"type":"branch","line":40,"loc":{"start":{"line":40,"column":0},"end":{"line":65,"column":1}},"locations":[{"start":{"line":40,"column":0},"end":{"line":65,"column":1}}]},"10":{"type":"branch","line":43,"loc":{"start":{"line":43,"column":23},"end":{"line":63,"column":3}},"locations":[{"start":{"line":43,"column":23},"end":{"line":63,"column":3}}]},"11":{"type":"branch","line":44,"loc":{"start":{"line":44,"column":17},"end":{"line":44,"column":43}},"locations":[{"start":{"line":44,"column":17},"end":{"line":44,"column":43}}]},"12":{"type":"branch","line":44,"loc":{"start":{"line":44,"column":43},"end":{"line":59,"column":11}},"locations":[{"start":{"line":44,"column":43},"end":{"line":59,"column":11}}]},"13":{"type":"branch","line":46,"loc":{"start":{"line":46,"column":24},"end":{"line":49,"column":17}},"locations":[{"start":{"line":46,"column":24},"end":{"line":49,"column":17}}]},"14":{"type":"branch","line":49,"loc":{"start":{"line":49,"column":6},"end":{"line":58,"column":7}},"locations":[{"start":{"line":49,"column":6},"end":{"line":58,"column":7}}]},"15":{"type":"branch","line":49,"loc":{"start":{"line":49,"column":31},"end":{"line":52,"column":17}},"locations":[{"start":{"line":49,"column":31},"end":{"line":52,"column":17}}]},"16":{"type":"branch","line":52,"loc":{"start":{"line":52,"column":6},"end":{"line":58,"column":7}},"locations":[{"start":{"line":52,"column":6},"end":{"line":58,"column":7}}]},"17":{"type":"branch","line":52,"loc":{"start":{"line":52,"column":32},"end":{"line":58,"column":7}},"locations":[{"start":{"line":52,"column":32},"end":{"line":58,"column":7}}]},"18":{"type":"branch","line":59,"loc":{"start":{"line":59,"column":4},"end":{"line":62,"column":5}},"locations":[{"start":{"line":59,"column":4},"end":{"line":62,"column":5}}]}},"b":{"0":[8],"1":[2],"2":[6],"3":[0],"4":[6],"5":[12],"6":[6],"7":[6],"8":[6],"9":[6],"10":[50],"11":[5],"12":[5],"13":[2],"14":[3],"15":[1],"16":[2],"17":[1],"18":[45]},"fnMap":{"0":{"name":"extractGraphId","decl":{"start":{"line":11,"column":7},"end":{"line":24,"column":1}},"loc":{"start":{"line":11,"column":7},"end":{"line":24,"column":1}},"line":11},"1":{"name":"normalizeId","decl":{"start":{"line":31,"column":7},"end":{"line":38,"column":1}},"loc":{"start":{"line":31,"column":7},"end":{"line":38,"column":1}},"line":31},"2":{"name":"unescapeDotString","decl":{"start":{"line":40,"column":0},"end":{"line":65,"column":1}},"loc":{"start":{"line":40,"column":0},"end":{"line":65,"column":1}},"line":40}},"f":{"0":8,"1":12,"2":6}}
,"/Users/cwoolley/.local/state/kilroy/attractor/runs/01KJRF75H261FMFY4YR1A3HCNY/worktree/frontend/src/lib/msgpack.ts": {"path":"/Users/cwoolley/.local/state/kilroy/attractor/runs/01KJRF75H261FMFY4YR1A3HCNY/worktree/frontend/src/lib/msgpack.ts","all":false,"statementMap":{"17":{"start":{"line":18,"column":0},"end":{"line":18,"column":62}},"24":{"start":{"line":25,"column":0},"end":{"line":25,"column":38}},"25":{"start":{"line":26,"column":0},"end":{"line":26,"column":19}},"26":{"start":{"line":27,"column":0},"end":{"line":27,"column":37}},"27":{"start":{"line":28,"column":0},"end":{"line":28,"column":47}},"29":{"start":{"line":30,"column":0},"end":{"line":30,"column":39}},"30":{"start":{"line":31,"column":0},"end":{"line":31,"column":12}},"31":{"start":{"line":32,"column":0},"end":{"line":32,"column":43}},"32":{"start":{"line":33,"column":0},"end":{"line":33,"column":17}},"33":{"start":{"line":34,"column":0},"end":{"line":34,"column":6}},"34":{"start":{"line":35,"column":0},"end":{"line":35,"column":3}},"36":{"start":{"line":37,"column":0},"end":{"line":37,"column":37}},"37":{"start":{"line":38,"column":0},"end":{"line":38,"column":18}},"38":{"start":{"line":39,"column":0},"end":{"line":39,"column":16}},"39":{"start":{"line":40,"column":0},"end":{"line":40,"column":3}},"41":{"start":{"line":42,"column":0},"end":{"line":42,"column":7}},"43":{"start":{"line":44,"column":0},"end":{"line":44,"column":56}},"45":{"start":{"line":46,"column":0},"end":{"line":46,"column":42}},"48":{"start":{"line":49,"column":0},"end":{"line":49,"column":70}},"55":{"start":{"line":56,"column":0},"end":{"line":56,"column":80}},"56":{"start":{"line":57,"column":0},"end":{"line":57,"column":76}},"58":{"start":{"line":59,"column":0},"end":{"line":59,"column":12}},"59":{"start":{"line":60,"column":0},"end":{"line":60,"column":43}},"60":{"start":{"line":61,"column":0},"end":{"line":61,"column":13}},"61":{"start":{"line":62,"column":0},"end":{"line":62,"column":38}},"62":{"start":{"line":63,"column":0},"end":{"line":63,"column":30}},"63":{"start":{"line":64,"column":0},"end":{"line":64,"column":8}},"64":{"start":{"line":65,"column":0},"end":{"line":65,"column":6}},"65":{"start":{"line":66,"column":0},"end":{"line":66,"column":16}},"67":{"start":{"line":68,"column":0},"end":{"line":68,"column":16}},"68":{"start":{"line":69,"column":0},"end":{"line":69,"column":3}},"69":{"start":{"line":70,"column":0},"end":{"line":70,"column":1}},"74":{"start":{"line":75,"column":0},"end":{"line":75,"column":49}},"75":{"start":{"line":76,"column":0},"end":{"line":76,"column":27}},"76":{"start":{"line":77,"column":0},"end":{"line":77,"column":46}},"77":{"start":{"line":78,"column":0},"end":{"line":78,"column":43}},"78":{"start":{"line":79,"column":0},"end":{"line":79,"column":36}},"79":{"start":{"line":80,"column":0},"end":{"line":80,"column":3}},"80":{"start":{"line":81,"column":0},"end":{"line":81,"column":15}},"81":{"start":{"line":82,"column":0},"end":{"line":82,"column":1}}},"s":{"17":1,"24":5,"25":5,"26":5,"27":5,"29":5,"30":1,"31":1,"32":1,"33":1,"34":1,"36":4,"37":5,"38":1,"39":1,"41":3,"43":3,"45":3,"48":3,"55":5,"56":5,"58":5,"59":5,"60":5,"61":5,"62":5,"63":5,"64":5,"65":5,"67":1,"68":1,"69":5,"74":3,"75":3,"76":3,"77":3,"78":74,"79":74,"80":2,"81":2},"branchMap":{"0":{"type":"branch","line":25,"loc":{"start":{"line":25,"column":0},"end":{"line":70,"column":1}},"locations":[{"start":{"line":25,"column":0},"end":{"line":70,"column":1}}]},"1":{"type":"branch","line":30,"loc":{"start":{"line":30,"column":38},"end":{"line":35,"column":3}},"locations":[{"start":{"line":30,"column":38},"end":{"line":35,"column":3}}]},"2":{"type":"branch","line":35,"loc":{"start":{"line":35,"column":2},"end":{"line":38,"column":17}},"locations":[{"start":{"line":35,"column":2},"end":{"line":38,"column":17}}]},"3":{"type":"branch","line":38,"loc":{"start":{"line":38,"column":17},"end":{"line":40,"column":3}},"locations":[{"start":{"line":38,"column":17},"end":{"line":40,"column":3}}]},"4":{"type":"branch","line":40,"loc":{"start":{"line":40,"column":2},"end":{"line":56,"column":39}},"locations":[{"start":{"line":40,"column":2},"end":{"line":56,"column":39}}]},"5":{"type":"branch","line":56,"loc":{"start":{"line":56,"column":34},"end":{"line":56,"column":80}},"locations":[{"start":{"line":56,"column":34},"end":{"line":56,"column":80}}]},"6":{"type":"branch","line":57,"loc":{"start":{"line":57,"column":30},"end":{"line":57,"column":76}},"locations":[{"start":{"line":57,"column":30},"end":{"line":57,"column":76}}]},"7":{"type":"branch","line":62,"loc":{"start":{"line":62,"column":20},"end":{"line":62,"column":38}},"locations":[{"start":{"line":62,"column":20},"end":{"line":62,"column":38}}]},"8":{"type":"branch","line":63,"loc":{"start":{"line":63,"column":16},"end":{"line":63,"column":30}},"locations":[{"start":{"line":63,"column":16},"end":{"line":63,"column":30}}]},"9":{"type":"branch","line":66,"loc":{"start":{"line":66,"column":2},"end":{"line":69,"column":3}},"locations":[{"start":{"line":66,"column":2},"end":{"line":69,"column":3}}]},"10":{"type":"branch","line":75,"loc":{"start":{"line":75,"column":0},"end":{"line":82,"column":1}},"locations":[{"start":{"line":75,"column":0},"end":{"line":82,"column":1}}]},"11":{"type":"branch","line":78,"loc":{"start":{"line":78,"column":42},"end":{"line":80,"column":3}},"locations":[{"start":{"line":78,"column":42},"end":{"line":80,"column":3}}]},"12":{"type":"branch","line":80,"loc":{"start":{"line":80,"column":2},"end":{"line":82,"column":1}},"locations":[{"start":{"line":80,"column":2},"end":{"line":82,"column":1}}]}},"b":{"0":[5],"1":[1],"2":[4],"3":[1],"4":[3],"5":[0],"6":[0],"7":[0],"8":[0],"9":[1],"10":[3],"11":[74],"12":[2]},"fnMap":{"0":{"name":"decodeFirstTurn","decl":{"start":{"line":25,"column":0},"end":{"line":70,"column":1}},"loc":{"start":{"line":25,"column":0},"end":{"line":70,"column":1}},"line":25},"1":{"name":"base64ToBytes","decl":{"start":{"line":75,"column":0},"end":{"line":82,"column":1}},"loc":{"start":{"line":75,"column":0},"end":{"line":82,"column":1}},"line":75}},"f":{"0":5,"1":3}}
,"/Users/cwoolley/.local/state/kilroy/attractor/runs/01KJRF75H261FMFY4YR1A3HCNY/worktree/frontend/src/lib/status.ts": {"path":"/Users/cwoolley/.local/state/kilroy/attractor/runs/01KJRF75H261FMFY4YR1A3HCNY/worktree/frontend/src/lib/status.ts","all":false,"statementMap":{"0":{"start":{"line":1,"column":0},"end":{"line":1,"column":3}},"9":{"start":{"line":10,"column":0},"end":{"line":10,"column":60}},"10":{"start":{"line":11,"column":0},"end":{"line":11,"column":56}},"11":{"start":{"line":12,"column":0},"end":{"line":12,"column":58}},"12":{"start":{"line":13,"column":0},"end":{"line":13,"column":52}},"13":{"start":{"line":14,"column":0},"end":{"line":14,"column":54}},"16":{"start":{"line":17,"column":0},"end":{"line":17,"column":61}},"17":{"start":{"line":18,"column":0},"end":{"line":18,"column":11}},"18":{"start":{"line":19,"column":0},"end":{"line":19,"column":14}},"19":{"start":{"line":20,"column":0},"end":{"line":20,"column":13}},"20":{"start":{"line":21,"column":0},"end":{"line":21,"column":13}},"21":{"start":{"line":22,"column":0},"end":{"line":22,"column":11}},"22":{"start":{"line":23,"column":0},"end":{"line":23,"column":2}},"25":{"start":{"line":26,"column":0},"end":{"line":26,"column":59}},"26":{"start":{"line":27,"column":0},"end":{"line":27,"column":11}},"27":{"start":{"line":28,"column":0},"end":{"line":28,"column":13}},"28":{"start":{"line":29,"column":0},"end":{"line":29,"column":14}},"29":{"start":{"line":30,"column":0},"end":{"line":30,"column":13}},"30":{"start":{"line":31,"column":0},"end":{"line":31,"column":11}},"31":{"start":{"line":32,"column":0},"end":{"line":32,"column":2}},"36":{"start":{"line":37,"column":0},"end":{"line":37,"column":48}},"37":{"start":{"line":38,"column":0},"end":{"line":38,"column":10}},"38":{"start":{"line":39,"column":0},"end":{"line":39,"column":22}},"39":{"start":{"line":40,"column":0},"end":{"line":40,"column":21}},"40":{"start":{"line":41,"column":0},"end":{"line":41,"column":19}},"41":{"start":{"line":42,"column":0},"end":{"line":42,"column":17}},"42":{"start":{"line":43,"column":0},"end":{"line":43,"column":18}},"43":{"start":{"line":44,"column":0},"end":{"line":44,"column":34}},"44":{"start":{"line":45,"column":0},"end":{"line":45,"column":4}},"45":{"start":{"line":46,"column":0},"end":{"line":46,"column":1}},"51":{"start":{"line":52,"column":0},"end":{"line":52,"column":39}},"52":{"start":{"line":53,"column":0},"end":{"line":53,"column":25}},"53":{"start":{"line":54,"column":0},"end":{"line":54,"column":26}},"54":{"start":{"line":55,"column":0},"end":{"line":55,"column":20}},"55":{"start":{"line":56,"column":0},"end":{"line":56,"column":31}},"56":{"start":{"line":57,"column":0},"end":{"line":57,"column":57}},"58":{"start":{"line":59,"column":0},"end":{"line":59,"column":44}},"59":{"start":{"line":60,"column":0},"end":{"line":60,"column":34}},"60":{"start":{"line":61,"column":0},"end":{"line":61,"column":33}},"61":{"start":{"line":62,"column":0},"end":{"line":62,"column":5}},"62":{"start":{"line":63,"column":0},"end":{"line":63,"column":3}},"65":{"start":{"line":66,"column":0},"end":{"line":66,"column":36}},"66":{"start":{"line":67,"column":0},"end":{"line":67,"column":35}},"67":{"start":{"line":68,"column":0},"end":{"line":68,"column":50}},"68":{"start":{"line":69,"column":0},"end":{"line":69,"column":5}},"69":{"start":{"line":70,"column":0},"end":{"line":70,"column":3}},"72":{"start":{"line":73,"column":0},"end":{"line":73,"column":41}},"73":{"start":{"line":74,"column":0},"end":{"line":74,"column":29}},"74":{"start":{"line":75,"column":0},"end":{"line":75,"column":8}},"75":{"start":{"line":76,"column":0},"end":{"line":76,"column":35}},"76":{"start":{"line":77,"column":0},"end":{"line":77,"column":68}},"77":{"start":{"line":78,"column":0},"end":{"line":78,"column":7}},"78":{"start":{"line":79,"column":0},"end":{"line":79,"column":39}},"79":{"start":{"line":80,"column":0},"end":{"line":80,"column":5}},"80":{"start":{"line":81,"column":0},"end":{"line":81,"column":3}},"83":{"start":{"line":84,"column":0},"end":{"line":84,"column":29}},"85":{"start":{"line":86,"column":0},"end":{"line":86,"column":8}},"86":{"start":{"line":87,"column":0},"end":{"line":87,"column":32}},"87":{"start":{"line":88,"column":0},"end":{"line":88,"column":66}},"88":{"start":{"line":89,"column":0},"end":{"line":89,"column":7}},"89":{"start":{"line":90,"column":0},"end":{"line":90,"column":79}},"90":{"start":{"line":91,"column":0},"end":{"line":91,"column":5}},"92":{"start":{"line":93,"column":0},"end":{"line":93,"column":37}},"93":{"start":{"line":94,"column":0},"end":{"line":94,"column":46}},"95":{"start":{"line":96,"column":0},"end":{"line":96,"column":46}},"96":{"start":{"line":97,"column":0},"end":{"line":97,"column":15}},"97":{"start":{"line":98,"column":0},"end":{"line":98,"column":5}},"99":{"start":{"line":100,"column":0},"end":{"line":100,"column":48}},"100":{"start":{"line":101,"column":0},"end":{"line":101,"column":49}},"101":{"start":{"line":102,"column":0},"end":{"line":102,"column":28}},"103":{"start":{"line":104,"column":0},"end":{"line":104,"column":36}},"104":{"start":{"line":105,"column":0},"end":{"line":105,"column":47}},"105":{"start":{"line":106,"column":0},"end":{"line":106,"column":25}},"106":{"start":{"line":107,"column":0},"end":{"line":107,"column":69}},"107":{"start":{"line":108,"column":0},"end":{"line":108,"column":41}},"108":{"start":{"line":109,"column":0},"end":{"line":109,"column":42}},"109":{"start":{"line":110,"column":0},"end":{"line":110,"column":30}},"111":{"start":{"line":112,"column":0},"end":{"line":112,"column":14}},"112":{"start":{"line":113,"column":0},"end":{"line":113,"column":28}},"113":{"start":{"line":114,"column":0},"end":{"line":114,"column":49}},"114":{"start":{"line":115,"column":0},"end":{"line":115,"column":27}},"115":{"start":{"line":116,"column":0},"end":{"line":116,"column":7}},"116":{"start":{"line":117,"column":0},"end":{"line":117,"column":39}},"117":{"start":{"line":118,"column":0},"end":{"line":118,"column":26}},"118":{"start":{"line":119,"column":0},"end":{"line":119,"column":47}},"119":{"start":{"line":120,"column":0},"end":{"line":120,"column":25}},"120":{"start":{"line":121,"column":0},"end":{"line":121,"column":42}},"121":{"start":{"line":122,"column":0},"end":{"line":122,"column":28}},"122":{"start":{"line":123,"column":0},"end":{"line":123,"column":12}},"123":{"start":{"line":124,"column":0},"end":{"line":124,"column":28}},"124":{"start":{"line":125,"column":0},"end":{"line":125,"column":5}},"127":{"start":{"line":128,"column":0},"end":{"line":128,"column":22}},"129":{"start":{"line":130,"column":0},"end":{"line":130,"column":37}},"130":{"start":{"line":131,"column":0},"end":{"line":131,"column":15}},"131":{"start":{"line":132,"column":0},"end":{"line":132,"column":43}},"132":{"start":{"line":133,"column":0},"end":{"line":133,"column":27}},"133":{"start":{"line":134,"column":0},"end":{"line":134,"column":31}},"134":{"start":{"line":135,"column":0},"end":{"line":135,"column":39}},"135":{"start":{"line":136,"column":0},"end":{"line":136,"column":48}},"136":{"start":{"line":137,"column":0},"end":{"line":137,"column":7}},"137":{"start":{"line":138,"column":0},"end":{"line":138,"column":36}},"138":{"start":{"line":139,"column":0},"end":{"line":139,"column":5}},"140":{"start":{"line":141,"column":0},"end":{"line":141,"column":38}},"141":{"start":{"line":142,"column":0},"end":{"line":142,"column":30}},"142":{"start":{"line":143,"column":0},"end":{"line":143,"column":5}},"144":{"start":{"line":145,"column":0},"end":{"line":145,"column":27}},"146":{"start":{"line":147,"column":0},"end":{"line":147,"column":62}},"147":{"start":{"line":148,"column":0},"end":{"line":148,"column":48}},"148":{"start":{"line":149,"column":0},"end":{"line":149,"column":5}},"151":{"start":{"line":152,"column":0},"end":{"line":152,"column":8}},"152":{"start":{"line":153,"column":0},"end":{"line":153,"column":39}},"153":{"start":{"line":154,"column":0},"end":{"line":154,"column":72}},"154":{"start":{"line":155,"column":0},"end":{"line":155,"column":7}},"155":{"start":{"line":156,"column":0},"end":{"line":156,"column":43}},"156":{"start":{"line":157,"column":0},"end":{"line":157,"column":5}},"157":{"start":{"line":158,"column":0},"end":{"line":158,"column":3}},"159":{"start":{"line":160,"column":0},"end":{"line":160,"column":49}},"160":{"start":{"line":161,"column":0},"end":{"line":161,"column":1}},"166":{"start":{"line":167,"column":0},"end":{"line":167,"column":32}},"167":{"start":{"line":168,"column":0},"end":{"line":168,"column":26}},"168":{"start":{"line":169,"column":0},"end":{"line":169,"column":29}},"169":{"start":{"line":170,"column":0},"end":{"line":170,"column":14}},"170":{"start":{"line":171,"column":0},"end":{"line":171,"column":38}},"172":{"start":{"line":173,"column":0},"end":{"line":173,"column":36}},"173":{"start":{"line":174,"column":0},"end":{"line":174,"column":38}},"174":{"start":{"line":175,"column":0},"end":{"line":175,"column":24}},"175":{"start":{"line":176,"column":0},"end":{"line":176,"column":23}},"176":{"start":{"line":177,"column":0},"end":{"line":177,"column":21}},"177":{"start":{"line":178,"column":0},"end":{"line":178,"column":19}},"178":{"start":{"line":179,"column":0},"end":{"line":179,"column":20}},"179":{"start":{"line":180,"column":0},"end":{"line":180,"column":36}},"180":{"start":{"line":181,"column":0},"end":{"line":181,"column":6}},"182":{"start":{"line":183,"column":0},"end":{"line":183,"column":50}},"183":{"start":{"line":184,"column":0},"end":{"line":184,"column":34}},"185":{"start":{"line":186,"column":0},"end":{"line":186,"column":46}},"186":{"start":{"line":187,"column":0},"end":{"line":187,"column":51}},"187":{"start":{"line":188,"column":0},"end":{"line":188,"column":35}},"189":{"start":{"line":190,"column":0},"end":{"line":190,"column":10}},"190":{"start":{"line":191,"column":0},"end":{"line":191,"column":48}},"191":{"start":{"line":192,"column":0},"end":{"line":192,"column":45}},"192":{"start":{"line":193,"column":0},"end":{"line":193,"column":9}},"193":{"start":{"line":194,"column":0},"end":{"line":194,"column":51}},"194":{"start":{"line":195,"column":0},"end":{"line":195,"column":55}},"195":{"start":{"line":196,"column":0},"end":{"line":196,"column":59}},"196":{"start":{"line":197,"column":0},"end":{"line":197,"column":7}},"198":{"start":{"line":199,"column":0},"end":{"line":199,"column":56}},"199":{"start":{"line":200,"column":0},"end":{"line":200,"column":58}},"201":{"start":{"line":202,"column":0},"end":{"line":202,"column":47}},"202":{"start":{"line":203,"column":0},"end":{"line":203,"column":33}},"203":{"start":{"line":204,"column":0},"end":{"line":204,"column":52}},"204":{"start":{"line":205,"column":0},"end":{"line":205,"column":53}},"205":{"start":{"line":206,"column":0},"end":{"line":206,"column":9}},"206":{"start":{"line":207,"column":0},"end":{"line":207,"column":7}},"207":{"start":{"line":208,"column":0},"end":{"line":208,"column":5}},"210":{"start":{"line":211,"column":0},"end":{"line":211,"column":41}},"211":{"start":{"line":212,"column":0},"end":{"line":212,"column":62}},"213":{"start":{"line":214,"column":0},"end":{"line":214,"column":37}},"214":{"start":{"line":215,"column":0},"end":{"line":215,"column":3}},"216":{"start":{"line":217,"column":0},"end":{"line":217,"column":16}},"217":{"start":{"line":218,"column":0},"end":{"line":218,"column":1}},"224":{"start":{"line":225,"column":0},"end":{"line":225,"column":36}},"225":{"start":{"line":226,"column":0},"end":{"line":226,"column":23}},"226":{"start":{"line":227,"column":0},"end":{"line":227,"column":26}},"227":{"start":{"line":228,"column":0},"end":{"line":228,"column":32}},"228":{"start":{"line":229,"column":0},"end":{"line":229,"column":14}},"229":{"start":{"line":230,"column":0},"end":{"line":230,"column":36}},"230":{"start":{"line":231,"column":0},"end":{"line":231,"column":45}},"231":{"start":{"line":232,"column":0},"end":{"line":232,"column":30}},"233":{"start":{"line":234,"column":0},"end":{"line":234,"column":8}},"234":{"start":{"line":235,"column":0},"end":{"line":235,"column":40}},"235":{"start":{"line":236,"column":0},"end":{"line":236,"column":40}},"236":{"start":{"line":237,"column":0},"end":{"line":237,"column":7}},"237":{"start":{"line":238,"column":0},"end":{"line":238,"column":52}},"238":{"start":{"line":239,"column":0},"end":{"line":239,"column":70}},"239":{"start":{"line":240,"column":0},"end":{"line":240,"column":23}},"240":{"start":{"line":241,"column":0},"end":{"line":241,"column":17}},"241":{"start":{"line":242,"column":0},"end":{"line":242,"column":11}},"242":{"start":{"line":243,"column":0},"end":{"line":243,"column":10}},"243":{"start":{"line":244,"column":0},"end":{"line":244,"column":12}},"244":{"start":{"line":245,"column":0},"end":{"line":245,"column":37}},"245":{"start":{"line":246,"column":0},"end":{"line":246,"column":61}},"246":{"start":{"line":247,"column":0},"end":{"line":247,"column":11}},"247":{"start":{"line":248,"column":0},"end":{"line":248,"column":38}},"248":{"start":{"line":249,"column":0},"end":{"line":249,"column":16}},"249":{"start":{"line":250,"column":0},"end":{"line":250,"column":9}},"250":{"start":{"line":251,"column":0},"end":{"line":251,"column":7}},"251":{"start":{"line":252,"column":0},"end":{"line":252,"column":5}},"252":{"start":{"line":253,"column":0},"end":{"line":253,"column":3}},"254":{"start":{"line":255,"column":0},"end":{"line":255,"column":19}},"255":{"start":{"line":256,"column":0},"end":{"line":256,"column":1}},"261":{"start":{"line":262,"column":0},"end":{"line":262,"column":50}},"262":{"start":{"line":263,"column":0},"end":{"line":263,"column":27}},"263":{"start":{"line":264,"column":0},"end":{"line":264,"column":17}},"264":{"start":{"line":265,"column":0},"end":{"line":265,"column":15}},"265":{"start":{"line":266,"column":0},"end":{"line":266,"column":15}},"266":{"start":{"line":267,"column":0},"end":{"line":267,"column":42}},"267":{"start":{"line":268,"column":0},"end":{"line":268,"column":10}},"268":{"start":{"line":269,"column":0},"end":{"line":269,"column":74}},"269":{"start":{"line":270,"column":0},"end":{"line":270,"column":4}},"272":{"start":{"line":273,"column":0},"end":{"line":273,"column":19}},"273":{"start":{"line":274,"column":0},"end":{"line":274,"column":65}},"274":{"start":{"line":275,"column":0},"end":{"line":275,"column":4}},"276":{"start":{"line":277,"column":0},"end":{"line":277,"column":37}},"277":{"start":{"line":278,"column":0},"end":{"line":278,"column":1}},"284":{"start":{"line":285,"column":0},"end":{"line":285,"column":36}},"285":{"start":{"line":286,"column":0},"end":{"line":286,"column":23}},"286":{"start":{"line":287,"column":0},"end":{"line":287,"column":26}},"287":{"start":{"line":288,"column":0},"end":{"line":288,"column":25}},"288":{"start":{"line":289,"column":0},"end":{"line":289,"column":14}},"289":{"start":{"line":290,"column":0},"end":{"line":290,"column":23}},"290":{"start":{"line":291,"column":0},"end":{"line":291,"column":55}},"291":{"start":{"line":292,"column":0},"end":{"line":292,"column":3}},"293":{"start":{"line":294,"column":0},"end":{"line":294,"column":36}},"294":{"start":{"line":295,"column":0},"end":{"line":295,"column":45}},"295":{"start":{"line":296,"column":0},"end":{"line":296,"column":30}},"297":{"start":{"line":298,"column":0},"end":{"line":298,"column":8}},"298":{"start":{"line":299,"column":0},"end":{"line":299,"column":40}},"299":{"start":{"line":300,"column":0},"end":{"line":300,"column":40}},"300":{"start":{"line":301,"column":0},"end":{"line":301,"column":7}},"301":{"start":{"line":302,"column":0},"end":{"line":302,"column":34}},"302":{"start":{"line":303,"column":0},"end":{"line":303,"column":5}},"303":{"start":{"line":304,"column":0},"end":{"line":304,"column":3}},"305":{"start":{"line":306,"column":0},"end":{"line":306,"column":19}},"306":{"start":{"line":307,"column":0},"end":{"line":307,"column":1}},"311":{"start":{"line":312,"column":0},"end":{"line":312,"column":67}},"312":{"start":{"line":313,"column":0},"end":{"line":313,"column":35}},"313":{"start":{"line":314,"column":0},"end":{"line":314,"column":36}},"314":{"start":{"line":315,"column":0},"end":{"line":315,"column":40}},"315":{"start":{"line":316,"column":0},"end":{"line":316,"column":3}},"316":{"start":{"line":317,"column":0},"end":{"line":317,"column":13}},"317":{"start":{"line":318,"column":0},"end":{"line":318,"column":1}}},"s":{"0":1,"9":1,"10":1,"11":1,"12":1,"13":1,"16":1,"17":1,"18":1,"19":1,"20":1,"21":1,"22":1,"25":1,"26":1,"27":1,"28":1,"29":1,"30":1,"31":1,"36":1,"37":95,"38":95,"39":95,"40":95,"41":95,"42":95,"43":95,"44":95,"45":95,"51":1,"52":15,"53":15,"54":15,"55":15,"56":15,"58":15,"59":44,"60":1,"61":1,"62":44,"65":15,"66":45,"67":2,"68":2,"69":45,"72":15,"73":15,"74":17,"75":17,"76":5,"77":17,"78":15,"79":15,"80":17,"83":15,"85":17,"86":17,"87":2,"88":17,"89":1,"90":1,"92":16,"93":16,"95":17,"96":1,"97":1,"99":15,"100":15,"101":15,"103":17,"104":3,"105":3,"106":3,"107":17,"108":2,"109":1,"111":1,"112":1,"113":1,"114":1,"115":1,"116":12,"117":1,"118":1,"119":1,"120":10,"121":7,"122":9,"123":2,"124":2,"127":17,"129":5,"130":5,"131":10,"132":9,"133":9,"134":9,"135":9,"136":10,"137":7,"138":7,"140":17,"141":1,"142":1,"144":15,"146":17,"147":1,"148":1,"151":15,"152":15,"153":4,"154":17,"155":14,"156":14,"157":17,"159":15,"160":15,"166":1,"167":5,"168":5,"169":5,"170":5,"172":5,"173":15,"174":15,"175":15,"176":15,"177":15,"178":15,"179":15,"180":15,"182":15,"183":15,"185":15,"186":24,"187":24,"189":24,"190":24,"191":24,"192":24,"193":6,"194":6,"195":6,"196":6,"198":24,"199":24,"201":24,"202":8,"203":8,"204":7,"205":7,"206":8,"207":24,"210":15,"211":15,"213":15,"214":15,"216":5,"217":5,"224":1,"225":5,"226":5,"227":5,"228":5,"229":5,"230":15,"231":15,"233":15,"234":15,"235":4,"236":15,"237":3,"238":3,"239":3,"240":3,"241":3,"242":3,"243":3,"244":3,"245":1,"246":3,"247":1,"248":1,"249":1,"250":3,"251":3,"252":15,"254":5,"255":5,"261":3,"262":3,"263":3,"264":3,"265":3,"266":3,"267":3,"268":8,"269":3,"272":3,"273":3,"274":3,"276":3,"277":3,"284":1,"285":4,"286":4,"287":4,"288":4,"289":4,"290":1,"291":1,"293":4,"294":9,"295":9,"297":9,"298":9,"299":2,"300":9,"301":1,"302":1,"303":9,"305":3,"306":3,"311":1,"312":30,"313":30,"314":90,"315":90,"316":30,"317":30},"branchMap":{"0":{"type":"branch","line":37,"loc":{"start":{"line":37,"column":7},"end":{"line":46,"column":1}},"locations":[{"start":{"line":37,"column":7},"end":{"line":46,"column":1}}]},"1":{"type":"branch","line":52,"loc":{"start":{"line":52,"column":7},"end":{"line":161,"column":1}},"locations":[{"start":{"line":52,"column":7},"end":{"line":161,"column":1}}]},"2":{"type":"branch","line":59,"loc":{"start":{"line":59,"column":43},"end":{"line":63,"column":3}},"locations":[{"start":{"line":59,"column":43},"end":{"line":63,"column":3}}]},"3":{"type":"branch","line":60,"loc":{"start":{"line":60,"column":33},"end":{"line":62,"column":5}},"locations":[{"start":{"line":60,"column":33},"end":{"line":62,"column":5}}]},"4":{"type":"branch","line":66,"loc":{"start":{"line":66,"column":35},"end":{"line":70,"column":3}},"locations":[{"start":{"line":66,"column":35},"end":{"line":70,"column":3}}]},"5":{"type":"branch","line":67,"loc":{"start":{"line":67,"column":34},"end":{"line":69,"column":5}},"locations":[{"start":{"line":67,"column":34},"end":{"line":69,"column":5}}]},"6":{"type":"branch","line":74,"loc":{"start":{"line":74,"column":28},"end":{"line":81,"column":3}},"locations":[{"start":{"line":74,"column":28},"end":{"line":81,"column":3}}]},"7":{"type":"branch","line":76,"loc":{"start":{"line":76,"column":28},"end":{"line":77,"column":68}},"locations":[{"start":{"line":76,"column":28},"end":{"line":77,"column":68}}]},"8":{"type":"branch","line":78,"loc":{"start":{"line":78,"column":6},"end":{"line":80,"column":5}},"locations":[{"start":{"line":78,"column":6},"end":{"line":80,"column":5}}]},"9":{"type":"branch","line":84,"loc":{"start":{"line":84,"column":28},"end":{"line":158,"column":3}},"locations":[{"start":{"line":84,"column":28},"end":{"line":158,"column":3}}]},"10":{"type":"branch","line":87,"loc":{"start":{"line":87,"column":25},"end":{"line":88,"column":66}},"locations":[{"start":{"line":87,"column":25},"end":{"line":88,"column":66}}]},"11":{"type":"branch","line":89,"loc":{"start":{"line":89,"column":6},"end":{"line":91,"column":5}},"locations":[{"start":{"line":89,"column":6},"end":{"line":91,"column":5}}]},"12":{"type":"branch","line":91,"loc":{"start":{"line":91,"column":4},"end":{"line":96,"column":45}},"locations":[{"start":{"line":91,"column":4},"end":{"line":96,"column":45}}]},"13":{"type":"branch","line":96,"loc":{"start":{"line":96,"column":45},"end":{"line":98,"column":5}},"locations":[{"start":{"line":96,"column":45},"end":{"line":98,"column":5}}]},"14":{"type":"branch","line":98,"loc":{"start":{"line":98,"column":4},"end":{"line":104,"column":35}},"locations":[{"start":{"line":98,"column":4},"end":{"line":104,"column":35}}]},"15":{"type":"branch","line":104,"loc":{"start":{"line":104,"column":35},"end":{"line":108,"column":15}},"locations":[{"start":{"line":104,"column":35},"end":{"line":108,"column":15}}]},"16":{"type":"branch","line":107,"loc":{"start":{"line":107,"column":39},"end":{"line":107,"column":58}},"locations":[{"start":{"line":107,"column":39},"end":{"line":107,"column":58}}]},"17":{"type":"branch","line":107,"loc":{"start":{"line":107,"column":48},"end":{"line":107,"column":69}},"locations":[{"start":{"line":107,"column":48},"end":{"line":107,"column":69}}]},"18":{"type":"branch","line":108,"loc":{"start":{"line":108,"column":4},"end":{"line":125,"column":5}},"locations":[{"start":{"line":108,"column":4},"end":{"line":125,"column":5}}]},"19":{"type":"branch","line":108,"loc":{"start":{"line":108,"column":40},"end":{"line":117,"column":15}},"locations":[{"start":{"line":108,"column":40},"end":{"line":117,"column":15}}]},"20":{"type":"branch","line":109,"loc":{"start":{"line":109,"column":41},"end":{"line":116,"column":7}},"locations":[{"start":{"line":109,"column":41},"end":{"line":116,"column":7}}]},"21":{"type":"branch","line":117,"loc":{"start":{"line":117,"column":4},"end":{"line":125,"column":5}},"locations":[{"start":{"line":117,"column":4},"end":{"line":125,"column":5}}]},"22":{"type":"branch","line":117,"loc":{"start":{"line":117,"column":38},"end":{"line":121,"column":15}},"locations":[{"start":{"line":117,"column":38},"end":{"line":121,"column":15}}]},"23":{"type":"branch","line":121,"loc":{"start":{"line":121,"column":4},"end":{"line":125,"column":5}},"locations":[{"start":{"line":121,"column":4},"end":{"line":125,"column":5}}]},"24":{"type":"branch","line":121,"loc":{"start":{"line":121,"column":41},"end":{"line":123,"column":11}},"locations":[{"start":{"line":121,"column":41},"end":{"line":123,"column":11}}]},"25":{"type":"branch","line":123,"loc":{"start":{"line":123,"column":4},"end":{"line":125,"column":5}},"locations":[{"start":{"line":123,"column":4},"end":{"line":125,"column":5}}]},"26":{"type":"branch","line":125,"loc":{"start":{"line":125,"column":4},"end":{"line":128,"column":21}},"locations":[{"start":{"line":125,"column":4},"end":{"line":128,"column":21}}]},"27":{"type":"branch","line":128,"loc":{"start":{"line":128,"column":21},"end":{"line":131,"column":15}},"locations":[{"start":{"line":128,"column":21},"end":{"line":131,"column":15}}]},"28":{"type":"branch","line":131,"loc":{"start":{"line":131,"column":4},"end":{"line":139,"column":5}},"locations":[{"start":{"line":131,"column":4},"end":{"line":139,"column":5}}]},"29":{"type":"branch","line":132,"loc":{"start":{"line":132,"column":18},"end":{"line":133,"column":27}},"locations":[{"start":{"line":132,"column":18},"end":{"line":133,"column":27}}]},"30":{"type":"branch","line":133,"loc":{"start":{"line":133,"column":20},"end":{"line":136,"column":48}},"locations":[{"start":{"line":133,"column":20},"end":{"line":136,"column":48}}]},"31":{"type":"branch","line":137,"loc":{"start":{"line":137,"column":6},"end":{"line":139,"column":5}},"locations":[{"start":{"line":137,"column":6},"end":{"line":139,"column":5}}]},"32":{"type":"branch","line":139,"loc":{"start":{"line":139,"column":4},"end":{"line":141,"column":37}},"locations":[{"start":{"line":139,"column":4},"end":{"line":141,"column":37}}]},"33":{"type":"branch","line":141,"loc":{"start":{"line":141,"column":37},"end":{"line":143,"column":5}},"locations":[{"start":{"line":141,"column":37},"end":{"line":143,"column":5}}]},"34":{"type":"branch","line":143,"loc":{"start":{"line":143,"column":4},"end":{"line":147,"column":61}},"locations":[{"start":{"line":143,"column":4},"end":{"line":147,"column":61}}]},"35":{"type":"branch","line":147,"loc":{"start":{"line":147,"column":61},"end":{"line":149,"column":5}},"locations":[{"start":{"line":147,"column":61},"end":{"line":149,"column":5}}]},"36":{"type":"branch","line":149,"loc":{"start":{"line":149,"column":4},"end":{"line":153,"column":39}},"locations":[{"start":{"line":149,"column":4},"end":{"line":153,"column":39}}]},"37":{"type":"branch","line":153,"loc":{"start":{"line":153,"column":32},"end":{"line":154,"column":72}},"locations":[{"start":{"line":153,"column":32},"end":{"line":154,"column":72}}]},"38":{"type":"branch","line":155,"loc":{"start":{"line":155,"column":6},"end":{"line":157,"column":5}},"locations":[{"start":{"line":155,"column":6},"end":{"line":157,"column":5}}]},"39":{"type":"branch","line":167,"loc":{"start":{"line":167,"column":7},"end":{"line":218,"column":1}},"locations":[{"start":{"line":167,"column":7},"end":{"line":218,"column":1}}]},"40":{"type":"branch","line":173,"loc":{"start":{"line":173,"column":35},"end":{"line":215,"column":3}},"locations":[{"start":{"line":173,"column":35},"end":{"line":215,"column":3}}]},"41":{"type":"branch","line":186,"loc":{"start":{"line":186,"column":45},"end":{"line":208,"column":5}},"locations":[{"start":{"line":186,"column":45},"end":{"line":208,"column":5}}]},"42":{"type":"branch","line":188,"loc":{"start":{"line":188,"column":26},"end":{"line":188,"column":35}},"locations":[{"start":{"line":188,"column":26},"end":{"line":188,"column":35}}]},"43":{"type":"branch","line":193,"loc":{"start":{"line":193,"column":8},"end":{"line":197,"column":7}},"locations":[{"start":{"line":193,"column":8},"end":{"line":197,"column":7}}]},"44":{"type":"branch","line":202,"loc":{"start":{"line":202,"column":46},"end":{"line":207,"column":7}},"locations":[{"start":{"line":202,"column":46},"end":{"line":207,"column":7}}]},"45":{"type":"branch","line":204,"loc":{"start":{"line":204,"column":51},"end":{"line":206,"column":9}},"locations":[{"start":{"line":204,"column":51},"end":{"line":206,"column":9}}]},"46":{"type":"branch","line":212,"loc":{"start":{"line":212,"column":6},"end":{"line":212,"column":62}},"locations":[{"start":{"line":212,"column":6},"end":{"line":212,"column":62}}]},"47":{"type":"branch","line":225,"loc":{"start":{"line":225,"column":7},"end":{"line":256,"column":1}},"locations":[{"start":{"line":225,"column":7},"end":{"line":256,"column":1}}]},"48":{"type":"branch","line":230,"loc":{"start":{"line":230,"column":35},"end":{"line":253,"column":3}},"locations":[{"start":{"line":230,"column":35},"end":{"line":253,"column":3}}]},"49":{"type":"branch","line":232,"loc":{"start":{"line":232,"column":21},"end":{"line":232,"column":30}},"locations":[{"start":{"line":232,"column":21},"end":{"line":232,"column":30}}]},"50":{"type":"branch","line":235,"loc":{"start":{"line":235,"column":28},"end":{"line":236,"column":40}},"locations":[{"start":{"line":235,"column":28},"end":{"line":236,"column":40}}]},"51":{"type":"branch","line":237,"loc":{"start":{"line":237,"column":6},"end":{"line":252,"column":5}},"locations":[{"start":{"line":237,"column":6},"end":{"line":252,"column":5}}]},"52":{"type":"branch","line":245,"loc":{"start":{"line":245,"column":33},"end":{"line":246,"column":61}},"locations":[{"start":{"line":245,"column":33},"end":{"line":246,"column":61}}]},"53":{"type":"branch","line":247,"loc":{"start":{"line":247,"column":10},"end":{"line":250,"column":9}},"locations":[{"start":{"line":247,"column":10},"end":{"line":250,"column":9}}]},"54":{"type":"branch","line":246,"loc":{"start":{"line":246,"column":29},"end":{"line":246,"column":60}},"locations":[{"start":{"line":246,"column":29},"end":{"line":246,"column":60}}]},"55":{"type":"branch","line":262,"loc":{"start":{"line":262,"column":0},"end":{"line":278,"column":1}},"locations":[{"start":{"line":262,"column":0},"end":{"line":278,"column":1}}]},"56":{"type":"branch","line":268,"loc":{"start":{"line":268,"column":4},"end":{"line":269,"column":74}},"locations":[{"start":{"line":268,"column":4},"end":{"line":269,"column":74}}]},"57":{"type":"branch","line":269,"loc":{"start":{"line":269,"column":34},"end":{"line":269,"column":74}},"locations":[{"start":{"line":269,"column":34},"end":{"line":269,"column":74}}]},"58":{"type":"branch","line":274,"loc":{"start":{"line":274,"column":4},"end":{"line":274,"column":65}},"locations":[{"start":{"line":274,"column":4},"end":{"line":274,"column":65}}]},"59":{"type":"branch","line":285,"loc":{"start":{"line":285,"column":7},"end":{"line":307,"column":1}},"locations":[{"start":{"line":285,"column":7},"end":{"line":307,"column":1}}]},"60":{"type":"branch","line":290,"loc":{"start":{"line":290,"column":22},"end":{"line":292,"column":3}},"locations":[{"start":{"line":290,"column":22},"end":{"line":292,"column":3}}]},"61":{"type":"branch","line":292,"loc":{"start":{"line":292,"column":2},"end":{"line":294,"column":35}},"locations":[{"start":{"line":292,"column":2},"end":{"line":294,"column":35}}]},"62":{"type":"branch","line":294,"loc":{"start":{"line":294,"column":35},"end":{"line":304,"column":3}},"locations":[{"start":{"line":294,"column":35},"end":{"line":304,"column":3}}]},"63":{"type":"branch","line":296,"loc":{"start":{"line":296,"column":21},"end":{"line":296,"column":30}},"locations":[{"start":{"line":296,"column":21},"end":{"line":296,"column":30}}]},"64":{"type":"branch","line":299,"loc":{"start":{"line":299,"column":28},"end":{"line":300,"column":40}},"locations":[{"start":{"line":299,"column":28},"end":{"line":300,"column":40}}]},"65":{"type":"branch","line":301,"loc":{"start":{"line":301,"column":6},"end":{"line":303,"column":5}},"locations":[{"start":{"line":301,"column":6},"end":{"line":303,"column":5}}]},"66":{"type":"branch","line":304,"loc":{"start":{"line":304,"column":2},"end":{"line":307,"column":1}},"locations":[{"start":{"line":304,"column":2},"end":{"line":307,"column":1}}]},"67":{"type":"branch","line":312,"loc":{"start":{"line":312,"column":7},"end":{"line":318,"column":1}},"locations":[{"start":{"line":312,"column":7},"end":{"line":318,"column":1}}]},"68":{"type":"branch","line":314,"loc":{"start":{"line":314,"column":35},"end":{"line":316,"column":3}},"locations":[{"start":{"line":314,"column":35},"end":{"line":316,"column":3}}]}},"b":{"0":[95],"1":[15],"2":[44],"3":[1],"4":[45],"5":[2],"6":[17],"7":[5],"8":[15],"9":[17],"10":[2],"11":[1],"12":[16],"13":[1],"14":[15],"15":[3],"16":[1],"17":[2],"18":[12],"19":[2],"20":[1],"21":[10],"22":[1],"23":[9],"24":[7],"25":[2],"26":[15],"27":[5],"28":[10],"29":[9],"30":[9],"31":[7],"32":[15],"33":[1],"34":[15],"35":[1],"36":[15],"37":[4],"38":[14],"39":[5],"40":[15],"41":[24],"42":[0],"43":[6],"44":[8],"45":[7],"46":[4],"47":[5],"48":[15],"49":[0],"50":[4],"51":[3],"52":[1],"53":[1],"54":[3],"55":[3],"56":[8],"57":[7],"58":[4],"59":[4],"60":[1],"61":[3],"62":[9],"63":[0],"64":[2],"65":[1],"66":[3],"67":[30],"68":[90]},"fnMap":{"0":{"name":"createNodeStatus","decl":{"start":{"line":37,"column":7},"end":{"line":46,"column":1}},"loc":{"start":{"line":37,"column":7},"end":{"line":46,"column":1}},"line":37},"1":{"name":"updateContextStatusMap","decl":{"start":{"line":52,"column":7},"end":{"line":161,"column":1}},"loc":{"start":{"line":52,"column":7},"end":{"line":161,"column":1}},"line":52},"2":{"name":"mergeStatusMaps","decl":{"start":{"line":167,"column":7},"end":{"line":218,"column":1}},"loc":{"start":{"line":167,"column":7},"end":{"line":218,"column":1}},"line":167},"3":{"name":"applyErrorHeuristic","decl":{"start":{"line":225,"column":7},"end":{"line":256,"column":1}},"loc":{"start":{"line":225,"column":7},"end":{"line":256,"column":1}},"line":225},"4":{"name":"getMostRecentToolResultsForNodeInContext","decl":{"start":{"line":262,"column":0},"end":{"line":278,"column":1}},"loc":{"start":{"line":262,"column":0},"end":{"line":278,"column":1}},"line":262},"5":{"name":"applyStaleDetection","decl":{"start":{"line":285,"column":7},"end":{"line":307,"column":1}},"loc":{"start":{"line":285,"column":7},"end":{"line":307,"column":1}},"line":285},"6":{"name":"initStatusMap","decl":{"start":{"line":312,"column":7},"end":{"line":318,"column":1}},"loc":{"start":{"line":312,"column":7},"end":{"line":318,"column":1}},"line":312}},"f":{"0":95,"1":15,"2":5,"3":5,"4":3,"5":4,"6":30}}
,"/Users/cwoolley/.local/state/kilroy/attractor/runs/01KJRF75H261FMFY4YR1A3HCNY/worktree/frontend/src/lib/utils.ts": {"path":"/Users/cwoolley/.local/state/kilroy/attractor/runs/01KJRF75H261FMFY4YR1A3HCNY/worktree/frontend/src/lib/utils.ts","all":false,"statementMap":{"7":{"start":{"line":8,"column":0},"end":{"line":8,"column":79}},"8":{"start":{"line":9,"column":0},"end":{"line":9,"column":43}},"9":{"start":{"line":10,"column":0},"end":{"line":10,"column":1}},"16":{"start":{"line":17,"column":0},"end":{"line":17,"column":56}},"17":{"start":{"line":18,"column":0},"end":{"line":18,"column":19}},"18":{"start":{"line":19,"column":0},"end":{"line":19,"column":30}},"19":{"start":{"line":20,"column":0},"end":{"line":20,"column":47}},"20":{"start":{"line":21,"column":0},"end":{"line":21,"column":21}},"21":{"start":{"line":22,"column":0},"end":{"line":22,"column":33}},"22":{"start":{"line":23,"column":0},"end":{"line":23,"column":21}},"23":{"start":{"line":24,"column":0},"end":{"line":24,"column":3}},"24":{"start":{"line":25,"column":0},"end":{"line":25,"column":19}},"25":{"start":{"line":26,"column":0},"end":{"line":26,"column":1}},"32":{"start":{"line":33,"column":0},"end":{"line":33,"column":62}},"33":{"start":{"line":34,"column":0},"end":{"line":34,"column":43}},"34":{"start":{"line":35,"column":0},"end":{"line":35,"column":1}},"39":{"start":{"line":40,"column":0},"end":{"line":40,"column":51}},"40":{"start":{"line":41,"column":0},"end":{"line":41,"column":26}},"41":{"start":{"line":42,"column":0},"end":{"line":42,"column":1}},"46":{"start":{"line":47,"column":0},"end":{"line":47,"column":47}},"47":{"start":{"line":48,"column":0},"end":{"line":48,"column":10}},"48":{"start":{"line":49,"column":0},"end":{"line":49,"column":27}},"49":{"start":{"line":50,"column":0},"end":{"line":50,"column":26}},"50":{"start":{"line":51,"column":0},"end":{"line":51,"column":26}},"51":{"start":{"line":52,"column":0},"end":{"line":52,"column":29}},"52":{"start":{"line":53,"column":0},"end":{"line":53,"column":1}}},"s":{"7":1,"8":3,"9":3,"16":1,"17":7,"18":5,"19":5,"20":3,"21":2,"22":5,"23":5,"24":2,"25":2,"32":1,"33":4,"34":4,"39":1,"40":62,"41":62,"46":1,"47":4,"48":4,"49":4,"50":4,"51":4,"52":4},"branchMap":{"0":{"type":"branch","line":8,"loc":{"start":{"line":8,"column":7},"end":{"line":10,"column":1}},"locations":[{"start":{"line":8,"column":7},"end":{"line":10,"column":1}}]},"1":{"type":"branch","line":17,"loc":{"start":{"line":17,"column":7},"end":{"line":26,"column":1}},"locations":[{"start":{"line":17,"column":7},"end":{"line":26,"column":1}}]},"2":{"type":"branch","line":18,"loc":{"start":{"line":18,"column":18},"end":{"line":24,"column":3}},"locations":[{"start":{"line":18,"column":18},"end":{"line":24,"column":3}}]},"3":{"type":"branch","line":20,"loc":{"start":{"line":20,"column":46},"end":{"line":21,"column":21}},"locations":[{"start":{"line":20,"column":46},"end":{"line":21,"column":21}}]},"4":{"type":"branch","line":21,"loc":{"start":{"line":21,"column":18},"end":{"line":22,"column":33}},"locations":[{"start":{"line":21,"column":18},"end":{"line":22,"column":33}}]},"5":{"type":"branch","line":24,"loc":{"start":{"line":24,"column":2},"end":{"line":26,"column":1}},"locations":[{"start":{"line":24,"column":2},"end":{"line":26,"column":1}}]},"6":{"type":"branch","line":33,"loc":{"start":{"line":33,"column":7},"end":{"line":35,"column":1}},"locations":[{"start":{"line":33,"column":7},"end":{"line":35,"column":1}}]},"7":{"type":"branch","line":40,"loc":{"start":{"line":40,"column":7},"end":{"line":42,"column":1}},"locations":[{"start":{"line":40,"column":7},"end":{"line":42,"column":1}}]},"8":{"type":"branch","line":47,"loc":{"start":{"line":47,"column":7},"end":{"line":53,"column":1}},"locations":[{"start":{"line":47,"column":7},"end":{"line":53,"column":1}}]}},"b":{"0":[3],"1":[7],"2":[5],"3":[3],"4":[2],"5":[2],"6":[4],"7":[62],"8":[4]},"fnMap":{"0":{"name":"cn","decl":{"start":{"line":8,"column":7},"end":{"line":10,"column":1}},"loc":{"start":{"line":8,"column":7},"end":{"line":10,"column":1}},"line":8},"1":{"name":"formatMilliseconds","decl":{"start":{"line":17,"column":7},"end":{"line":26,"column":1}},"loc":{"start":{"line":17,"column":7},"end":{"line":26,"column":1}},"line":17},"2":{"name":"compareTurnIds","decl":{"start":{"line":33,"column":7},"end":{"line":35,"column":1}},"loc":{"start":{"line":33,"column":7},"end":{"line":35,"column":1}},"line":33},"3":{"name":"numericTurnId","decl":{"start":{"line":40,"column":7},"end":{"line":42,"column":1}},"loc":{"start":{"line":40,"column":7},"end":{"line":42,"column":1}},"line":40},"4":{"name":"htmlEscape","decl":{"start":{"line":47,"column":7},"end":{"line":53,"column":1}},"loc":{"start":{"line":47,"column":7},"end":{"line":53,"column":1}},"line":47}},"f":{"0":3,"1":7,"2":4,"3":62,"4":4}}
}
